#
# A fatal error has been detected by the Java Runtime Environment:
#
#  SIGSEGV (0xb) at pc=0x00007f096c3e05f6, pid=1643, tid=1654
#
# JRE version: OpenJDK Runtime Environment (18.0.2+9) (build 18.0.2+9-61)
# Java VM: OpenJDK 64-Bit Server VM (18.0.2+9-61, mixed mode, emulated-client, sharing, tiered, compressed oops, compressed class ptrs, g1 gc, linux-amd64)
# Problematic frame:
# V  [libjvm.so+0xd445f6]  void ConcurrentHashTable<SymbolTableConfig, (MEMFLAGS)11>::do_bulk_delete_locked_for<SymbolTableDeleteCheck, SymbolTableDoDelete>(Thread*, unsigned long, unsigned long, SymbolTableDeleteCheck&, SymbolTableDoDelete&, bool)+0x116
#
# No core dump will be written. Core dumps have been disabled. To enable core dumping, try "ulimit -c unlimited" before starting Java again
#
# If you would like to submit a bug report, please visit:
#   https://bugreport.java.com/bugreport/crash.jsp
#

---------------  S U M M A R Y ------------

Command Line: -XX:TieredStopAtLevel=1 -Dspring.output.ansi.enabled=always -Dcom.sun.management.jmxremote -Dspring.jmx.enabled=true -Dspring.liveBeansView.mbeanDomain -Dspring.application.admin.enabled=true -javaagent:/app/extra/idea-IU/lib/idea_rt.jar=45685:/app/extra/idea-IU/bin -Dfile.encoding=UTF-8 -Dsun.stdout.encoding=UTF-8 -Dsun.stderr.encoding=UTF-8 com.rock_papper_scissor.rock_papper_scissor.RockPapperScissorApplication

Host: Intel(R) Core(TM) i5-8265U CPU @ 1.60GHz, 8 cores, 15G, Freedesktop.org 21.08.15 (Flatpak runtime)
Time: Sun Aug 28 20:05:30 2022 BST elapsed time: 3493.641991 seconds (0d 0h 58m 13s)

---------------  T H R E A D  ---------------

Current thread (0x00007f09641518f0):  JavaThread "Service Thread" daemon [_thread_in_vm, id=1654, stack(0x00007f0937882000,0x00007f0937983000)]

Stack: [0x00007f0937882000,0x00007f0937983000],  sp=0x00007f09379812b0,  free space=1020k
Native frames: (J=compiled Java code, j=interpreted, Vv=VM code, C=native code)
V  [libjvm.so+0xd445f6]  void ConcurrentHashTable<SymbolTableConfig, (MEMFLAGS)11>::do_bulk_delete_locked_for<SymbolTableDeleteCheck, SymbolTableDoDelete>(Thread*, unsigned long, unsigned long, SymbolTableDeleteCheck&, SymbolTableDoDelete&, bool)+0x116
V  [libjvm.so+0xd43f26]  SymbolTable::clean_dead_entries(JavaThread*)+0x186
V  [libjvm.so+0xd44135]  SymbolTable::do_concurrent_work(JavaThread*)+0x85
V  [libjvm.so+0xcad8a2]  ServiceThread::service_thread_entry(JavaThread*, JavaThread*)+0x422
V  [libjvm.so+0xd94df2]  JavaThread::thread_main_inner()+0xc2
V  [libjvm.so+0xd98fa0]  Thread::call_run()+0xc0
V  [libjvm.so+0xbfd201]  thread_native_entry(Thread*)+0xe1
C  [libpthread.so.0+0x83ba]


siginfo: si_signo: 11 (SIGSEGV), si_code: 1 (SEGV_MAPERR), si_addr: 0x00007f080c173ec0

Register to memory mapping:

RAX=0x00007f08cc173f00 points into unknown readable memory: 0x0000000000000000 | 00 00 00 00 00 00 00 00
RBX=0x00007f096803c910 points into unknown readable memory: 0x00007f08d0d43780 | 80 37 d4 d0 08 7f 00 00
RCX=0x00007f080c173ec0 is an unknown value
RDX=0x0 is NULL
RSP=0x00007f09379812b0 is pointing into the stack for thread: 0x00007f09641518f0
RBP=0x00007f0937981b40 is pointing into the stack for thread: 0x00007f09641518f0
RSI=0x00007f096802f010 points into unknown readable memory: 0x00007f08d1046b40 | 40 6b 04 d1 08 7f 00 00
RDI=0x0 is NULL
R8 =0x0 is NULL
R9 =0x00007f08a4115280 points into unknown readable memory: 0x00007f0f549b4dd5 | d5 4d 9b 54 0f 7f 00 00
R10=0x00007ffeaa67e090 points into unknown readable memory: 0xffffffffffffffff | ff ff ff ff ff ff ff ff
R11=0x00000000007ec482 is an unknown value
R12=0x0000000000000001 is an unknown value
R13=0x0000000000001b21 is an unknown value
R14=0x00007f0964108330 points into unknown readable memory: 0x0000000000000000 | 00 00 00 00 00 00 00 00
R15=0x00007f0937981b80 is pointing into the stack for thread: 0x00007f09641518f0


Registers:
RAX=0x00007f08cc173f00, RBX=0x00007f096803c910, RCX=0x00007f080c173ec0, RDX=0x0000000000000000
RSP=0x00007f09379812b0, RBP=0x00007f0937981b40, RSI=0x00007f096802f010, RDI=0x0000000000000000
R8 =0x0000000000000000, R9 =0x00007f08a4115280, R10=0x00007ffeaa67e090, R11=0x00000000007ec482
R12=0x0000000000000001, R13=0x0000000000001b21, R14=0x00007f0964108330, R15=0x00007f0937981b80
RIP=0x00007f096c3e05f6, EFLAGS=0x0000000000010202, CSGSFS=0x002b000000000033, ERR=0x0000000000000004
  TRAPNO=0x000000000000000e

Top of Stack: (sp=0x00007f09379812b0)
0x00007f09379812b0:   00007f0937981b88 0000000000000000
0x00007f09379812c0:   00007f09641519d0 00007f0937981b80
0x00007f09379812d0:   0000000000001b15 00007f09641082e0
0x00007f09379812e0:   0000000000000000 0000000000000000 

Instructions: (pc=0x00007f096c3e05f6)
0x00007f096c3e04f6:   68 08 00 00 0f b6 45 10 48 89 bd 98 f7 ff ff 48
0x00007f096c3e0506:   89 b5 b0 f7 ff ff 88 85 7f f7 ff ff 48 8b 47 08
0x00007f096c3e0516:   48 89 8d c0 f7 ff ff 4c 89 8d 70 f7 ff ff 48 89
0x00007f096c3e0526:   85 b8 f7 ff ff 48 8b be e0 00 00 00 48 89 f8 40
0x00007f096c3e0536:   f6 c7 01 75 12 48 8d 05 7e 98 50 00 48 8b 80 80
0x00007f096c3e0546:   00 00 00 48 83 c8 01 48 8b b5 b0 f7 ff ff 48 81
0x00007f096c3e0556:   c6 e0 00 00 00 48 89 b5 80 f7 ff ff 48 87 06 4c
0x00007f096c3e0566:   3b ad c0 f7 ff ff 0f 83 3c 01 00 00 66 0f 1f 44
0x00007f096c3e0576:   00 00 48 8b 85 b8 f7 ff ff 31 d2 48 8b 30 4a 8d
0x00007f096c3e0586:   04 ed 00 00 00 00 49 83 c5 01 48 8d 1c 06 4c 3b
0x00007f096c3e0596:   ad c0 f7 ff ff 73 11 48 8d 54 06 08 48 85 d2 74
0x00007f096c3e05a6:   07 48 8b 12 48 83 e2 fc 48 8b 03 48 83 e0 fc 0f
0x00007f096c3e05b6:   84 e6 00 00 00 45 31 c0 eb 0c 48 8b 00 48 85 c0
0x00007f096c3e05c6:   0f 84 d5 00 00 00 48 85 d2 74 0c 48 8b 4a 08 42
0x00007f096c3e05d6:   0f 18 0c 01 48 8b 12 48 8b 08 48 85 c9 74 09 48
0x00007f096c3e05e6:   8b 49 08 42 0f 18 0c 01 49 83 07 01 48 8b 48 08
0x00007f096c3e05f6:   8b 09 66 85 c9 75 c3 48 8b 85 b0 f7 ff ff 49 89
0x00007f096c3e0606:   de 45 31 e4 48 89 b8 e0 00 00 00 48 8b 03 a8 01
0x00007f096c3e0616:   75 1f 48 8b 13 48 83 e2 fc 48 89 d1 48 89 d0 48
0x00007f096c3e0626:   83 c9 01 f0 48 0f b1 0b 48 39 c2 0f 84 a9 00 00
0x00007f096c3e0636:   00 41 83 c4 01 41 81 fc 00 20 00 00 0f 84 88 00
0x00007f096c3e0646:   00 00 e8 63 1b d3 ff 48 8b 03 a8 01 74 c4 eb e1
0x00007f096c3e0656:   66 2e 0f 1f 84 00 00 00 00 00 4c 8b ad 90 f7 ff
0x00007f096c3e0666:   ff 4c 8b bd 88 f7 ff ff 48 8b 85 b0 f7 ff ff 48
0x00007f096c3e0676:   8b b8 e0 00 00 00 48 89 f8 40 f6 c7 01 75 12 48
0x00007f096c3e0686:   8d 05 34 97 50 00 48 8b 80 80 00 00 00 48 83 c8
0x00007f096c3e0696:   01 48 8b b5 80 f7 ff ff 48 87 06 4c 3b ad c0 f7
0x00007f096c3e06a6:   ff ff 0f 82 ca fe ff ff 48 8b 85 b0 f7 ff ff 48
0x00007f096c3e06b6:   89 b8 e0 00 00 00 48 81 c4 68 08 00 00 5b 41 5c
0x00007f096c3e06c6:   41 5d 41 5e 41 5f 5d c3 66 90 e8 4b 70 eb ff 45
0x00007f096c3e06d6:   31 e4 e9 34 ff ff ff 0f 1f 00 4c 8b 23 49 83 e4
0x00007f096c3e06e6:   fc 4c 89 e0 74 5e 45 31 e4 eb 3f 0f 1f 80 00 00 


Stack slot to memory mapping:
stack at sp + 0 slots: 0x00007f0937981b88 is pointing into the stack for thread: 0x00007f09641518f0
stack at sp + 1 slots: 0x0 is NULL
stack at sp + 2 slots: 0x00007f09641519d0 points into unknown readable memory: 0x0000000000002531 | 31 25 00 00 00 00 00 00
stack at sp + 3 slots: 0x00007f0937981b80 is pointing into the stack for thread: 0x00007f09641518f0
stack at sp + 4 slots: 0x0000000000001b15 is an unknown value
stack at sp + 5 slots: 0x00007f09641082e0 points into unknown readable memory: 0x0000000000000000 | 00 00 00 00 00 00 00 00
stack at sp + 6 slots: 0x0 is NULL
stack at sp + 7 slots: 0x0 is NULL


---------------  P R O C E S S  ---------------

Threads class SMR info:
_java_thread_list=0x00007f08d0e86450, length=17, elements={
0x00007f0964120a40, 0x00007f0964121ee0, 0x00007f0964150550, 0x00007f09641518f0,
0x00007f0964152cf0, 0x00007f0964154250, 0x00007f09641556a0, 0x00007f09641626d0,
0x00007f0964496e70, 0x00007f096453c7b0, 0x00007f0920000fe0, 0x00007f08d4011630,
0x00007f08d0934e20, 0x00007f08d113a980, 0x00007f09640291f0, 0x00007f08a0003260,
0x00007f08d091f760
}

Java Threads: ( => current thread )
  0x00007f0964120a40 JavaThread "Reference Handler" daemon [_thread_blocked, id=1651, stack(0x00007f0937dfd000,0x00007f0937efe000)]
  0x00007f0964121ee0 JavaThread "Finalizer" daemon [_thread_blocked, id=1652, stack(0x00007f0937cfc000,0x00007f0937dfd000)]
  0x00007f0964150550 JavaThread "Signal Dispatcher" daemon [_thread_blocked, id=1653, stack(0x00007f0937983000,0x00007f0937a84000)]
=>0x00007f09641518f0 JavaThread "Service Thread" daemon [_thread_in_vm, id=1654, stack(0x00007f0937882000,0x00007f0937983000)]
  0x00007f0964152cf0 JavaThread "Monitor Deflation Thread" daemon [_thread_blocked, id=1655, stack(0x00007f0937781000,0x00007f0937882000)]
  0x00007f0964154250 JavaThread "C1 CompilerThread0" daemon [_thread_blocked, id=1656, stack(0x00007f0937680000,0x00007f0937781000)]
  0x00007f09641556a0 JavaThread "Sweeper thread" daemon [_thread_blocked, id=1657, stack(0x00007f093757f000,0x00007f0937680000)]
  0x00007f09641626d0 JavaThread "Common-Cleaner" daemon [_thread_blocked, id=1673, stack(0x00007f093737d000,0x00007f093747e000)]
  0x00007f0964496e70 JavaThread "Notification Thread" daemon [_thread_blocked, id=1679, stack(0x00007f093707a000,0x00007f093717b000)]
  0x00007f096453c7b0 JavaThread "RMI TCP Accept-0" daemon [_thread_in_native, id=1680, stack(0x00007f0936f79000,0x00007f093707a000)]
  0x00007f0920000fe0 JavaThread "Attach Listener" daemon [_thread_blocked, id=1692, stack(0x00007f093676b000,0x00007f093686c000)]
  0x00007f08d4011630 JavaThread "RMI Scheduler(0)" daemon [_thread_blocked, id=1701, stack(0x00007f0936367000,0x00007f0936468000)]
  0x00007f08d0934e20 JavaThread "mysql-cj-abandoned-connection-cleanup" daemon [_thread_blocked, id=1720, stack(0x00007f0935c5d000,0x00007f0935d5e000)]
  0x00007f08d113a980 JavaThread "Live Reload Server" daemon [_thread_in_native, id=1743, stack(0x00007f0934c4d000,0x00007f0934d4e000)]
  0x00007f09640291f0 JavaThread "DestroyJavaVM" [_thread_blocked, id=1644, stack(0x00007f096b448000,0x00007f096b549000)]
  0x00007f08a0003260 JavaThread "Thread-5" [_thread_blocked, id=1803, stack(0x00007f0936569000,0x00007f093666a000)]
  0x00007f08d091f760 JavaThread "restartedMain" [_thread_in_vm, id=1806, stack(0x00007f0935e5f000,0x00007f0935f60000)] _threads_hazard_ptr=0x00007f08d0e86450

Other Threads:
  0x00007f096411d8b0 VMThread "VM Thread" [stack: 0x00007f0937f00000,0x00007f0938000000] [id=1650]
  0x00007f09644ee5f0 WatcherThread "VM Periodic Task Thread" [stack: 0x00007f0936e79000,0x00007f0936f79000] [id=1681]
  0x00007f0964095fd0 WorkerThread "GC Thread#0" [stack: 0x00007f0952e96000,0x00007f0952f96000] [id=1645]
  0x00007f0930007580 WorkerThread "GC Thread#1" [stack: 0x00007f0936c76000,0x00007f0936d76000] [id=1687]
  0x00007f0930007fa0 WorkerThread "GC Thread#2" [stack: 0x00007f0936b74000,0x00007f0936c74000] [id=1688]
  0x00007f09300089c0 WorkerThread "GC Thread#3" [stack: 0x00007f0936a72000,0x00007f0936b72000] [id=1689]
  0x00007f09300093e0 WorkerThread "GC Thread#4" [stack: 0x00007f0936970000,0x00007f0936a70000] [id=1690]
  0x00007f0930009e00 WorkerThread "GC Thread#5" [stack: 0x00007f093686e000,0x00007f093696e000] [id=1691]
  0x00007f093000af00 WorkerThread "GC Thread#6" [stack: 0x00007f0936166000,0x00007f0936266000] [id=1707]
  0x00007f093000b870 WorkerThread "GC Thread#7" [stack: 0x00007f0936064000,0x00007f0936164000] [id=1708]
  0x00007f09640a6a20 ConcurrentGCThread "G1 Main Marker" [stack: 0x00007f0952d94000,0x00007f0952e94000] [id=1646]
  0x00007f09640a7920 WorkerThread "G1 Conc#0" [stack: 0x00007f0952c92000,0x00007f0952d92000] [id=1647]
  0x00007f0944000d60 WorkerThread "G1 Conc#1" [stack: 0x00007f0935f62000,0x00007f0936062000] [id=1714]
  0x00007f09640f22e0 ConcurrentGCThread "G1 Refine#0" [stack: 0x00007f0950388000,0x00007f0950488000] [id=1648]
  0x00007f09640f31b0 ConcurrentGCThread "G1 Service" [stack: 0x00007f0950286000,0x00007f0950386000] [id=1649]

Threads with active compile tasks:

VM state: not at safepoint (normal execution)

VM Mutex/Monitor currently owned by a thread: None

Heap address: 0x000000070bc00000, size: 3908 MB, Compressed Oops mode: Zero based, Oop shift amount: 3

CDS archive(s) mapped at: [0x0000000800000000-0x0000000800bae000-0x0000000800bae000), size 12247040, SharedBaseAddress: 0x0000000800000000, ArchiveRelocationMode: 0.
Compressed class space mapped at: 0x0000000800c00000-0x0000000840c00000, reserved size: 1073741824
Narrow klass base: 0x0000000800000000, Narrow klass shift: 0, Narrow klass range: 0x100000000

GC Precious Log:
 CardTable entry size: 512
 Card Set container configuration: InlinePtr #cards 4 size 8 Array Of Cards #cards 16 size 48 Howl #buckets 8 coarsen threshold 3686 Howl Bitmap #cards 512 size 80 coarsen threshold 460 Card regions per heap region 1 cards per card region 4096
 CPUs: 8 total, 8 available
 Memory: 15631M
 Large Page Support: Disabled
 NUMA Support: Disabled
 Compressed Oops: Enabled (Zero based)
 Heap Region Size: 2M
 Heap Min Capacity: 8M
 Heap Initial Capacity: 246M
 Heap Max Capacity: 3908M
 Pre-touch: Disabled
 Parallel Workers: 8
 Concurrent Workers: 2
 Concurrent Refinement Workers: 8
 Periodic GC: Disabled

Heap:
 garbage-first heap   total 96256K, used 26451K [0x000000070bc00000, 0x0000000800000000)
  region size 2048K, 1 young (2048K), 0 survivors (0K)
 Metaspace       used 61429K, committed 62144K, reserved 1114112K
  class space    used 8523K, committed 8832K, reserved 1048576K

Heap Regions: E=young(eden), S=young(survivor), O=old, HS=humongous(starts), HC=humongous(continues), CS=collection set, F=free, OA=open archive, CA=closed archive, TAMS=top-at-mark-start (previous, next)
|   0|0x000000070bc00000, 0x000000070be00000, 0x000000070be00000|100%| O|  |TAMS 0x000000070be00000, 0x000000070bc00000| Untracked 
|   1|0x000000070be00000, 0x000000070bfffff0, 0x000000070c000000| 99%| O|  |TAMS 0x000000070be00000, 0x000000070be00000| Untracked 
|   2|0x000000070c000000, 0x000000070c1fffa8, 0x000000070c200000| 99%| O|  |TAMS 0x000000070c000000, 0x000000070c000000| Untracked 
|   3|0x000000070c200000, 0x000000070c3ffff0, 0x000000070c400000| 99%| O|  |TAMS 0x000000070c200000, 0x000000070c200000| Untracked 
|   4|0x000000070c400000, 0x000000070c5fffb8, 0x000000070c600000| 99%| O|  |TAMS 0x000000070c400000, 0x000000070c400000| Untracked 
|   5|0x000000070c600000, 0x000000070c7ffff0, 0x000000070c800000| 99%| O|  |TAMS 0x000000070c600000, 0x000000070c600000| Untracked 
|   6|0x000000070c800000, 0x000000070c9ffff8, 0x000000070ca00000| 99%| O|  |TAMS 0x000000070c800000, 0x000000070c800000| Untracked 
|   7|0x000000070ca00000, 0x000000070cc00000, 0x000000070cc00000|100%| O|  |TAMS 0x000000070ca00000, 0x000000070ca00000| Untracked 
|   8|0x000000070cc00000, 0x000000070cdfffb8, 0x000000070ce00000| 99%| O|  |TAMS 0x000000070cc00000, 0x000000070cc00000| Untracked 
|   9|0x000000070ce00000, 0x000000070cffffc0, 0x000000070d000000| 99%| O|  |TAMS 0x000000070ce00000, 0x000000070ce00000| Untracked 
|  10|0x000000070d000000, 0x000000070d1ffff0, 0x000000070d200000| 99%| O|  |TAMS 0x000000070d000000, 0x000000070d000000| Untracked 
|  11|0x000000070d200000, 0x000000070d234af0, 0x000000070d400000| 10%| O|  |TAMS 0x000000070d200000, 0x000000070d200000| Untracked 
|  12|0x000000070d400000, 0x000000070d438780, 0x000000070d600000| 11%| O|  |TAMS 0x000000070d400000, 0x000000070d400000| Untracked 
|  13|0x000000070d600000, 0x000000070d600000, 0x000000070d800000|  0%| F|  |TAMS 0x000000070d600000, 0x000000070d600000| Untracked 
|  14|0x000000070d800000, 0x000000070d800000, 0x000000070da00000|  0%| F|  |TAMS 0x000000070d800000, 0x000000070d800000| Untracked 
|  15|0x000000070da00000, 0x000000070da00000, 0x000000070dc00000|  0%| F|  |TAMS 0x000000070da00000, 0x000000070da00000| Untracked 
|  16|0x000000070dc00000, 0x000000070dc00000, 0x000000070de00000|  0%| F|  |TAMS 0x000000070dc00000, 0x000000070dc00000| Untracked 
|  17|0x000000070de00000, 0x000000070de00000, 0x000000070e000000|  0%| F|  |TAMS 0x000000070de00000, 0x000000070de00000| Untracked 
|  18|0x000000070e000000, 0x000000070e000000, 0x000000070e200000|  0%| F|  |TAMS 0x000000070e000000, 0x000000070e000000| Untracked 
|  19|0x000000070e200000, 0x000000070e200000, 0x000000070e400000|  0%| F|  |TAMS 0x000000070e200000, 0x000000070e200000| Untracked 
|  20|0x000000070e400000, 0x000000070e400000, 0x000000070e600000|  0%| F|  |TAMS 0x000000070e400000, 0x000000070e400000| Untracked 
|  21|0x000000070e600000, 0x000000070e600000, 0x000000070e800000|  0%| F|  |TAMS 0x000000070e600000, 0x000000070e600000| Untracked 
|  22|0x000000070e800000, 0x000000070e800000, 0x000000070ea00000|  0%| F|  |TAMS 0x000000070e800000, 0x000000070e800000| Untracked 
|  23|0x000000070ea00000, 0x000000070ea00000, 0x000000070ec00000|  0%| F|  |TAMS 0x000000070ea00000, 0x000000070ea00000| Untracked 
|  24|0x000000070ec00000, 0x000000070ec00000, 0x000000070ee00000|  0%| F|  |TAMS 0x000000070ec00000, 0x000000070ec00000| Untracked 
|  25|0x000000070ee00000, 0x000000070ee00000, 0x000000070f000000|  0%| F|  |TAMS 0x000000070ee00000, 0x000000070ee00000| Untracked 
|  26|0x000000070f000000, 0x000000070f17cc20, 0x000000070f200000| 74%| O|  |TAMS 0x000000070f000000, 0x000000070f000000| Untracked 
|  27|0x000000070f200000, 0x000000070f200000, 0x000000070f400000|  0%| F|  |TAMS 0x000000070f200000, 0x000000070f200000| Untracked 
|  28|0x000000070f400000, 0x000000070f400000, 0x000000070f600000|  0%| F|  |TAMS 0x000000070f400000, 0x000000070f400000| Untracked 
|  29|0x000000070f600000, 0x000000070f600000, 0x000000070f800000|  0%| F|  |TAMS 0x000000070f600000, 0x000000070f600000| Untracked 
|  30|0x000000070f800000, 0x000000070f800000, 0x000000070fa00000|  0%| F|  |TAMS 0x000000070f800000, 0x000000070f800000| Untracked 
|  31|0x000000070fa00000, 0x000000070fa00000, 0x000000070fc00000|  0%| F|  |TAMS 0x000000070fa00000, 0x000000070fa00000| Untracked 
|  32|0x000000070fc00000, 0x000000070fc00000, 0x000000070fe00000|  0%| F|  |TAMS 0x000000070fc00000, 0x000000070fc00000| Untracked 
|  33|0x000000070fe00000, 0x000000070fe00000, 0x0000000710000000|  0%| F|  |TAMS 0x000000070fe00000, 0x000000070fe00000| Untracked 
|  34|0x0000000710000000, 0x0000000710000000, 0x0000000710200000|  0%| F|  |TAMS 0x0000000710000000, 0x0000000710000000| Untracked 
|  35|0x0000000710200000, 0x0000000710200000, 0x0000000710400000|  0%| F|  |TAMS 0x0000000710200000, 0x0000000710200000| Untracked 
|  36|0x0000000710400000, 0x0000000710400000, 0x0000000710600000|  0%| F|  |TAMS 0x0000000710400000, 0x0000000710400000| Untracked 
|  37|0x0000000710600000, 0x0000000710600000, 0x0000000710800000|  0%| F|  |TAMS 0x0000000710600000, 0x0000000710600000| Untracked 
|  38|0x0000000710800000, 0x0000000710800000, 0x0000000710a00000|  0%| F|  |TAMS 0x0000000710800000, 0x0000000710800000| Untracked 
|  39|0x0000000710a00000, 0x0000000710a00000, 0x0000000710c00000|  0%| F|  |TAMS 0x0000000710a00000, 0x0000000710a00000| Untracked 
|  40|0x0000000710c00000, 0x0000000710c00000, 0x0000000710e00000|  0%| F|  |TAMS 0x0000000710c00000, 0x0000000710c00000| Untracked 
|  41|0x0000000710e00000, 0x0000000710e00000, 0x0000000711000000|  0%| F|  |TAMS 0x0000000710e00000, 0x0000000710e00000| Untracked 
|  42|0x0000000711000000, 0x0000000711000000, 0x0000000711200000|  0%| F|  |TAMS 0x0000000711000000, 0x0000000711000000| Untracked 
|  43|0x0000000711200000, 0x0000000711200000, 0x0000000711400000|  0%| F|  |TAMS 0x0000000711200000, 0x0000000711200000| Untracked 
| 122|0x000000071b000000, 0x000000071b0729a8, 0x000000071b200000| 22%| E|  |TAMS 0x000000071b000000, 0x000000071b000000| Complete 
|1952|0x00000007ffc00000, 0x00000007ffd75000, 0x00000007ffe00000| 72%|OA|  |TAMS 0x00000007ffd75000, 0x00000007ffc00000| Untracked 
|1953|0x00000007ffe00000, 0x00000007ffe76000, 0x0000000800000000| 23%|CA|  |TAMS 0x00000007ffe76000, 0x00000007ffe00000| Untracked 

Card table byte_map: [0x00007f095b1d6000,0x00007f095b978000] _byte_map_base: 0x00007f0957978000

Marking Bits (Prev, Next): (CMBitMap*) 0x00007f0964096a40, (CMBitMap*) 0x00007f0964096a80
 Prev Bits: [0x00007f0956d24000, 0x00007f095aa34000)
 Next Bits: [0x00007f0953014000, 0x00007f0956d24000)

Polling page: 0x00007f096cb6f000

Metaspace:

Usage:
  Non-class:     51.67 MB used.
      Class:      8.32 MB used.
       Both:     59.99 MB used.

Virtual space:
  Non-class space:       64.00 MB reserved,      52.06 MB ( 81%) committed,  1 nodes.
      Class space:        1.00 GB reserved,       8.62 MB ( <1%) committed,  1 nodes.
             Both:        1.06 GB reserved,      60.69 MB (  6%) committed. 

Chunk freelists:
   Non-Class:  3.63 MB
       Class:  3.42 MB
        Both:  7.05 MB

MaxMetaspaceSize: unlimited
CompressedClassSpaceSize: 1.00 GB
Initial GC threshold: 21.00 MB
Current GC threshold: 101.19 MB
CDS: on
MetaspaceReclaimPolicy: balanced
 - commit_granule_bytes: 65536.
 - commit_granule_words: 8192.
 - virtual_space_node_default_size: 8388608.
 - enlarge_chunks_in_place: 1.
 - new_chunks_are_fully_committed: 0.
 - uncommit_free_chunks: 1.
 - use_allocation_guard: 0.


Internal statistics:

num_allocs_failed_limit: 15.
num_arena_births: 856.
num_arena_deaths: 380.
num_vsnodes_births: 2.
num_vsnodes_deaths: 0.
num_space_committed: 971.
num_space_uncommitted: 0.
num_chunks_returned_to_freelist: 442.
num_chunks_taken_from_freelist: 3078.
num_chunk_merges: 129.
num_chunk_splits: 2132.
num_chunks_enlarged: 1681.
num_inconsistent_stats: 0.

CodeCache: size=49152Kb used=12083Kb max_used=13178Kb free=37068Kb
 bounds [0x00007f09683d3000, 0x00007f0969103000, 0x00007f096b3d3000]
 total_blobs=7196 nmethods=6534 adapters=590
 compilation: enabled
              stopped_count=0, restarted_count=0
 full_count=0

Compilation events (20 events):
Event: 3493.553 Thread 0x00007f0964154250 6525       1       sun.security.ssl.Authenticator::toLong (110 bytes)
Event: 3493.553 Thread 0x00007f0964154250 nmethod 6525 0x00007f09690a9d10 code [0x00007f09690a9ea0, 0x00007f09690aa050]
Event: 3493.553 Thread 0x00007f0964154250 6526       1       com.mysql.cj.protocol.a.TimeTrackingPacketSender::send (28 bytes)
Event: 3493.553 Thread 0x00007f0964154250 nmethod 6526 0x00007f09690a9990 code [0x00007f09690a9b40, 0x00007f09690a9c40]
Event: 3493.553 Thread 0x00007f0964154250 6527   !   1       sun.nio.ch.NioSocketImpl::setOption (545 bytes)
Event: 3493.608 Thread 0x00007f0964154250 nmethod 6527 0x00007f09690a6a90 code [0x00007f09690a6ee0, 0x00007f09690a85a0]
Event: 3493.609 Thread 0x00007f0964154250 6530       1       org.springframework.boot.devtools.restart.Restarter$$Lambda$1206/0x00000008013ba518::test (9 bytes)
Event: 3493.609 Thread 0x00007f0964154250 nmethod 6530 0x00007f09690a6610 code [0x00007f09690a67c0, 0x00007f09690a6990]
Event: 3493.609 Thread 0x00007f0964154250 6531       1       org.springframework.boot.devtools.restart.Restarter::isFromRestartClassLoader (26 bytes)
Event: 3493.609 Thread 0x00007f0964154250 nmethod 6531 0x00007f09690a6210 code [0x00007f09690a63a0, 0x00007f09690a6570]
Event: 3493.609 Thread 0x00007f0964154250 6528       1       java.net.StandardSocketOptions$StdSocketOption::type (5 bytes)
Event: 3493.609 Thread 0x00007f0964154250 nmethod 6528 0x00007f09690a5f10 code [0x00007f09690a60a0, 0x00007f09690a6170]
Event: 3493.609 Thread 0x00007f0964154250 6529       1       org.springframework.boot.ansi.AnsiStyle::toString (5 bytes)
Event: 3493.609 Thread 0x00007f0964154250 nmethod 6529 0x00007f09690a5c10 code [0x00007f09690a5da0, 0x00007f09690a5e70]
Event: 3493.612 Thread 0x00007f0964154250 6532       1       java.lang.String::getBytesNoRepl1 (89 bytes)
Event: 3493.612 Thread 0x00007f0964154250 nmethod 6532 0x00007f09690a5410 code [0x00007f09690a5600, 0x00007f09690a59f0]
Event: 3493.612 Thread 0x00007f0964154250 6533       1       java.lang.String::isASCII (16 bytes)
Event: 3493.612 Thread 0x00007f0964154250 nmethod 6533 0x00007f09690a5090 code [0x00007f09690a5220, 0x00007f09690a5330]
Event: 3493.612 Thread 0x00007f0964154250 6534       1       java.util.stream.DistinctOps$1$2::accept (24 bytes)
Event: 3493.613 Thread 0x00007f0964154250 nmethod 6534 0x00007f09690a4d10 code [0x00007f09690a4ec0, 0x00007f09690a4ff0]

GC Heap History (20 events):
Event: 3.154 GC heap before
{Heap before GC invocations=6 (full 0):
 garbage-first heap   total 69632K, used 40933K [0x000000070bc00000, 0x0000000800000000)
  region size 2048K, 13 young (26624K), 1 survivors (2048K)
 Metaspace       used 28879K, committed 29312K, reserved 1114112K
  class space    used 3844K, committed 4032K, reserved 1048576K
}
Event: 3.155 GC heap after
{Heap after GC invocations=7 (full 0):
 garbage-first heap   total 106496K, used 20022K [0x000000070bc00000, 0x0000000800000000)
  region size 2048K, 2 young (4096K), 2 survivors (4096K)
 Metaspace       used 28879K, committed 29312K, reserved 1114112K
  class space    used 3844K, committed 4032K, reserved 1048576K
}
Event: 3.530 GC heap before
{Heap before GC invocations=7 (full 0):
 garbage-first heap   total 106496K, used 52790K [0x000000070bc00000, 0x0000000800000000)
  region size 2048K, 20 young (40960K), 2 survivors (4096K)
 Metaspace       used 35733K, committed 36160K, reserved 1114112K
  class space    used 4908K, committed 5120K, reserved 1048576K
}
Event: 3.533 GC heap after
{Heap after GC invocations=8 (full 0):
 garbage-first heap   total 106496K, used 22311K [0x000000070bc00000, 0x0000000800000000)
  region size 2048K, 3 young (6144K), 3 survivors (6144K)
 Metaspace       used 35733K, committed 36160K, reserved 1114112K
  class space    used 4908K, committed 5120K, reserved 1048576K
}
Event: 4.282 GC heap before
{Heap before GC invocations=9 (full 0):
 garbage-first heap   total 96256K, used 73511K [0x000000070bc00000, 0x0000000800000000)
  region size 2048K, 28 young (57344K), 3 survivors (6144K)
 Metaspace       used 50008K, committed 50496K, reserved 1114112K
  class space    used 6918K, committed 7168K, reserved 1048576K
}
Event: 4.287 GC heap after
{Heap after GC invocations=10 (full 0):
 garbage-first heap   total 96256K, used 25768K [0x000000070bc00000, 0x0000000800000000)
  region size 2048K, 3 young (6144K), 3 survivors (6144K)
 Metaspace       used 50008K, committed 50496K, reserved 1114112K
  class space    used 6918K, committed 7168K, reserved 1048576K
}
Event: 4.309 GC heap before
{Heap before GC invocations=10 (full 0):
 garbage-first heap   total 96256K, used 27816K [0x000000070bc00000, 0x0000000800000000)
  region size 2048K, 4 young (8192K), 3 survivors (6144K)
 Metaspace       used 50247K, committed 50688K, reserved 1114112K
  class space    used 6952K, committed 7168K, reserved 1048576K
}
Event: 4.312 GC heap after
{Heap after GC invocations=11 (full 0):
 garbage-first heap   total 96256K, used 26089K [0x000000070bc00000, 0x0000000800000000)
  region size 2048K, 1 young (2048K), 1 survivors (2048K)
 Metaspace       used 50247K, committed 50688K, reserved 1114112K
  class space    used 6952K, committed 7168K, reserved 1048576K
}
Event: 4.714 GC heap before
{Heap before GC invocations=11 (full 0):
 garbage-first heap   total 96256K, used 69097K [0x000000070bc00000, 0x0000000800000000)
  region size 2048K, 22 young (45056K), 1 survivors (2048K)
 Metaspace       used 54593K, committed 55104K, reserved 1114112K
  class space    used 7562K, committed 7808K, reserved 1048576K
}
Event: 4.717 GC heap after
{Heap after GC invocations=12 (full 0):
 garbage-first heap   total 96256K, used 28948K [0x000000070bc00000, 0x0000000800000000)
  region size 2048K, 2 young (4096K), 2 survivors (4096K)
 Metaspace       used 54593K, committed 55104K, reserved 1114112K
  class space    used 7562K, committed 7808K, reserved 1048576K
}
Event: 154.112 GC heap before
{Heap before GC invocations=12 (full 0):
 garbage-first heap   total 96256K, used 69908K [0x000000070bc00000, 0x0000000800000000)
  region size 2048K, 22 young (45056K), 2 survivors (4096K)
 Metaspace       used 57353K, committed 57920K, reserved 1114112K
  class space    used 7984K, committed 8256K, reserved 1048576K
}
Event: 154.117 GC heap after
{Heap after GC invocations=13 (full 0):
 garbage-first heap   total 96256K, used 32650K [0x000000070bc00000, 0x0000000800000000)
  region size 2048K, 2 young (4096K), 2 survivors (4096K)
 Metaspace       used 57353K, committed 57920K, reserved 1114112K
  class space    used 7984K, committed 8256K, reserved 1048576K
}
Event: 154.400 GC heap before
{Heap before GC invocations=13 (full 0):
 garbage-first heap   total 96256K, used 53130K [0x000000070bc00000, 0x0000000800000000)
  region size 2048K, 14 young (28672K), 2 survivors (4096K)
 Metaspace       used 60492K, committed 61056K, reserved 1114112K
  class space    used 8388K, committed 8704K, reserved 1048576K
}
Event: 154.404 GC heap after
{Heap after GC invocations=14 (full 0):
 garbage-first heap   total 96256K, used 34508K [0x000000070bc00000, 0x0000000800000000)
  region size 2048K, 2 young (4096K), 2 survivors (4096K)
 Metaspace       used 60492K, committed 61056K, reserved 1114112K
  class space    used 8388K, committed 8704K, reserved 1048576K
}
Event: 1380.067 GC heap before
{Heap before GC invocations=15 (full 0):
 garbage-first heap   total 96256K, used 71372K [0x000000070bc00000, 0x0000000800000000)
  region size 2048K, 20 young (40960K), 2 survivors (4096K)
 Metaspace       used 61462K, committed 61952K, reserved 1114112K
  class space    used 8532K, committed 8768K, reserved 1048576K
}
Event: 1380.069 GC heap after
{Heap after GC invocations=16 (full 0):
 garbage-first heap   total 96256K, used 35047K [0x000000070bc00000, 0x0000000800000000)
  region size 2048K, 2 young (4096K), 2 survivors (4096K)
 Metaspace       used 61462K, committed 61952K, reserved 1114112K
  class space    used 8532K, committed 8768K, reserved 1048576K
}
Event: 3313.388 GC heap before
{Heap before GC invocations=16 (full 0):
 garbage-first heap   total 96256K, used 69863K [0x000000070bc00000, 0x0000000800000000)
  region size 2048K, 20 young (40960K), 2 survivors (4096K)
 Metaspace       used 61480K, committed 61952K, reserved 1114112K
  class space    used 8534K, committed 8768K, reserved 1048576K
}
Event: 3313.395 GC heap after
{Heap after GC invocations=17 (full 0):
 garbage-first heap   total 96256K, used 35370K [0x000000070bc00000, 0x0000000800000000)
  region size 2048K, 2 young (4096K), 2 survivors (4096K)
 Metaspace       used 61480K, committed 61952K, reserved 1114112K
  class space    used 8534K, committed 8768K, reserved 1048576K
}
Event: 3493.556 GC heap before
{Heap before GC invocations=17 (full 0):
 garbage-first heap   total 96256K, used 37418K [0x000000070bc00000, 0x0000000800000000)
  region size 2048K, 4 young (8192K), 2 survivors (4096K)
 Metaspace       used 61577K, committed 62144K, reserved 1114112K
  class space    used 8557K, committed 8832K, reserved 1048576K
}
Event: 3493.608 GC heap after
{Heap after GC invocations=18 (full 1):
 garbage-first heap   total 96256K, used 26451K [0x000000070bc00000, 0x0000000800000000)
  region size 2048K, 0 young (0K), 0 survivors (0K)
 Metaspace       used 61415K, committed 62144K, reserved 1114112K
  class space    used 8520K, committed 8832K, reserved 1048576K
}

Deoptimization events (16 events):
Event: 1.695 Thread 0x00007f08dc005ed0 DEOPT PACKING pc=0x00007f0968999711 sp=0x00007f09366665a0
Event: 1.695 Thread 0x00007f08dc005ed0 DEOPT UNPACKING pc=0x00007f096842582f sp=0x00007f0936665aa0 mode 3
Event: 2.357 Thread 0x00007f08dc005ed0 DEOPT PACKING pc=0x00007f09689adbe4 sp=0x00007f0936666e20
Event: 2.357 Thread 0x00007f08dc005ed0 DEOPT UNPACKING pc=0x00007f096842582f sp=0x00007f0936666398 mode 0
Event: 2.596 Thread 0x00007f08dc005ed0 DEOPT PACKING pc=0x00007f0968b9b66c sp=0x00007f0936667ca0
Event: 2.596 Thread 0x00007f08dc005ed0 DEOPT UNPACKING pc=0x00007f096842582f sp=0x00007f0936667218 mode 0
Event: 3.181 Thread 0x00007f08dc005ed0 DEOPT PACKING pc=0x00007f0968cbd6bd sp=0x00007f0936665c50
Event: 3.181 Thread 0x00007f08dc005ed0 DEOPT UNPACKING pc=0x00007f096842582f sp=0x00007f09366651d8 mode 3
Event: 4.354 Thread 0x00007f08dc005ed0 DEOPT PACKING pc=0x00007f09689b10e0 sp=0x00007f0936666be0
Event: 4.354 Thread 0x00007f08dc005ed0 DEOPT UNPACKING pc=0x00007f096842582f sp=0x00007f0936666118 mode 3
Event: 4.354 Thread 0x00007f08dc005ed0 DEOPT PACKING pc=0x00007f0968984d91 sp=0x00007f0936666bb0
Event: 4.354 Thread 0x00007f08dc005ed0 DEOPT UNPACKING pc=0x00007f096842582f sp=0x00007f0936666118 mode 3
Event: 4.578 Thread 0x00007f08dc005ed0 DEOPT PACKING pc=0x00007f0968edd611 sp=0x00007f0936666f90
Event: 4.578 Thread 0x00007f08dc005ed0 DEOPT UNPACKING pc=0x00007f096842582f sp=0x00007f0936666490 mode 3
Event: 153.853 Thread 0x00007f08d1124a50 DEOPT PACKING pc=0x00007f0968f2da58 sp=0x00007f0935952ce0
Event: 153.853 Thread 0x00007f08d1124a50 DEOPT UNPACKING pc=0x00007f096842582f sp=0x00007f09359521a0 mode 3

Classes loaded (20 events):
Event: 1767.134 Loading class sun/security/ssl/Alert
Event: 1767.134 Loading class sun/security/ssl/Alert done
Event: 1767.135 Loading class sun/security/ssl/Alert$AlertConsumer
Event: 1767.135 Loading class sun/security/ssl/Alert$AlertConsumer done
Event: 1767.135 Loading class sun/security/ssl/Alert$Level
Event: 1767.136 Loading class sun/security/ssl/Alert$Level done
Event: 3493.531 Loading class java/net/NetworkInterface$1
Event: 3493.531 Loading class java/net/NetworkInterface$1 done
Event: 3493.540 Loading class java/util/WeakHashMap$KeyIterator
Event: 3493.540 Loading class java/util/WeakHashMap$KeyIterator done
Event: 3493.540 Loading class java/util/concurrent/locks/AbstractQueuedSynchronizer$SharedNode
Event: 3493.540 Loading class java/util/concurrent/locks/AbstractQueuedSynchronizer$SharedNode done
Event: 3493.546 Loading class java/util/AbstractMap$2
Event: 3493.546 Loading class java/util/AbstractMap$2 done
Event: 3493.546 Loading class java/util/AbstractMap$2$1
Event: 3493.546 Loading class java/util/AbstractMap$2$1 done
Event: 3493.608 Loading class java/lang/ref/Finalizer$2
Event: 3493.608 Loading class java/lang/ref/Finalizer$2 done
Event: 3493.609 Loading class java/lang/ref/Finalizer$1
Event: 3493.609 Loading class java/lang/ref/Finalizer$1 done

Classes unloaded (20 events):
Event: 3493.574 Thread 0x00007f096411d8b0 Unloading class 0x00000008013be400 'java/lang/invoke/LambdaForm$MH+0x00000008013be400'
Event: 3493.574 Thread 0x00007f096411d8b0 Unloading class 0x00000008013be000 'java/lang/invoke/LambdaForm$MH+0x00000008013be000'
Event: 3493.574 Thread 0x00007f096411d8b0 Unloading class 0x00000008013bdc00 'jdk/internal/reflect/GeneratedSerializationConstructorAccessor20'
Event: 3493.574 Thread 0x00007f096411d8b0 Unloading class 0x00000008013bd800 'jdk/internal/reflect/GeneratedSerializationConstructorAccessor21'
Event: 3493.574 Thread 0x00007f096411d8b0 Unloading class 0x00000008013bd400 'jdk/internal/reflect/GeneratedSerializationConstructorAccessor19'
Event: 3493.574 Thread 0x00007f096411d8b0 Unloading class 0x00000008013bcc00 'java/lang/invoke/LambdaForm$MH+0x00000008013bcc00'
Event: 3493.574 Thread 0x00007f096411d8b0 Unloading class 0x00000008013bc800 'java/lang/invoke/LambdaForm$MH+0x00000008013bc800'
Event: 3493.574 Thread 0x00007f096411d8b0 Unloading class 0x00000008013ae000 'java/lang/invoke/LambdaForm$MH+0x00000008013ae000'
Event: 3493.574 Thread 0x00007f096411d8b0 Unloading class 0x00000008013acc00 'java/lang/invoke/LambdaForm$MH+0x00000008013acc00'
Event: 3493.574 Thread 0x00007f096411d8b0 Unloading class 0x00000008013a9c00 'java/lang/invoke/LambdaForm$MH+0x00000008013a9c00'
Event: 3493.574 Thread 0x00007f096411d8b0 Unloading class 0x0000000801264c00 'java/lang/invoke/LambdaForm$MH+0x0000000801264c00'
Event: 3493.574 Thread 0x00007f096411d8b0 Unloading class 0x0000000801264800 'java/lang/invoke/LambdaForm$MH+0x0000000801264800'
Event: 3493.574 Thread 0x00007f096411d8b0 Unloading class 0x0000000801040000 'java/lang/invoke/LambdaForm$MH+0x0000000801040000'
Event: 3493.574 Thread 0x00007f096411d8b0 Unloading class 0x0000000800fb1000 'java/lang/invoke/LambdaForm$MH+0x0000000800fb1000'
Event: 3493.574 Thread 0x00007f096411d8b0 Unloading class 0x0000000800fb0000 'java/lang/invoke/LambdaForm$DMH+0x0000000800fb0000'
Event: 3493.574 Thread 0x00007f096411d8b0 Unloading class 0x0000000800f78c00 'java/lang/invoke/LambdaForm$MH+0x0000000800f78c00'
Event: 3493.574 Thread 0x00007f096411d8b0 Unloading class 0x0000000800d38c00 'jdk/internal/reflect/GeneratedSerializationConstructorAccessor10'
Event: 3493.574 Thread 0x00007f096411d8b0 Unloading class 0x0000000800d25400 'java/lang/invoke/LambdaForm$MH+0x0000000800d25400'
Event: 3493.574 Thread 0x00007f096411d8b0 Unloading class 0x0000000800d05000 'java/lang/invoke/LambdaForm$MH+0x0000000800d05000'
Event: 3493.574 Thread 0x00007f096411d8b0 Unloading class 0x0000000800cf4800 'java/lang/invoke/LambdaForm$MH+0x0000000800cf4800'

Classes redefined (0 events):
No events

Internal exceptions (20 events):
Event: 1792.645 Thread 0x00007f08a8002060 Exception <a 'java/io/IOException'{0x0000000710b5d790}> (0x0000000710b5d790) 
thrown [open/src/hotspot/share/prims/jni.cpp, line 516]
Event: 1800.837 Thread 0x00007f08a8002060 Exception <a 'java/io/IOException'{0x00000007109cfc40}> (0x00000007109cfc40) 
thrown [open/src/hotspot/share/prims/jni.cpp, line 516]
Event: 2572.496 Thread 0x00007f08d1124a50 Exception <a 'java/io/IOException'{0x000000070fcf5b68}> (0x000000070fcf5b68) 
thrown [open/src/hotspot/share/prims/jni.cpp, line 516]
Event: 2672.960 Thread 0x00007f08d1126cf0 Exception <a 'java/io/IOException'{0x000000070f82e588}> (0x000000070f82e588) 
thrown [open/src/hotspot/share/prims/jni.cpp, line 516]
Event: 2708.437 Thread 0x00007f08d1127bd0 Exception <a 'java/io/IOException'{0x000000070f68cf78}> (0x000000070f68cf78) 
thrown [open/src/hotspot/share/prims/jni.cpp, line 516]
Event: 3493.524 Thread 0x00007f08d11087b0 Exception <a 'java/io/IOException'{0x000000071b1e2530}> (0x000000071b1e2530) 
thrown [open/src/hotspot/share/prims/jni.cpp, line 516]
Event: 3493.532 Thread 0x00007f08a0003260 Exception <a 'java/io/IOException'{0x0000000711220640}> (0x0000000711220640) 
thrown [open/src/hotspot/share/prims/jni.cpp, line 516]
Event: 3493.535 Thread 0x00007f08a0003260 Exception <a 'java/io/IOException'{0x0000000711227ff0}> (0x0000000711227ff0) 
thrown [open/src/hotspot/share/prims/jni.cpp, line 516]
Event: 3493.541 Thread 0x00007f08d0920570 Exception <a 'java/lang/InterruptedException'{0x00000007112df060}: sleep interrupted> (0x00000007112df060) 
thrown [open/src/hotspot/share/prims/jvm.cpp, line 3083]
Event: 3493.545 Thread 0x00007f08a0003260 Exception <a 'java/io/IOException'{0x0000000711327518}> (0x0000000711327518) 
thrown [open/src/hotspot/share/prims/jni.cpp, line 516]
Event: 3493.548 Thread 0x00007f08a0003260 Exception <a 'java/io/IOException'{0x0000000711348db0}> (0x0000000711348db0) 
thrown [open/src/hotspot/share/prims/jni.cpp, line 516]
Event: 3493.550 Thread 0x00007f08d091f760 Exception <a 'java/io/IOException'{0x0000000711358f60}> (0x0000000711358f60) 
thrown [open/src/hotspot/share/prims/jni.cpp, line 516]
Event: 3493.551 Thread 0x00007f08d091f760 Exception <a 'java/io/IOException'{0x000000071135eca0}> (0x000000071135eca0) 
thrown [open/src/hotspot/share/prims/jni.cpp, line 516]
Event: 3493.552 Thread 0x00007f08d091f760 Exception <a 'java/io/IOException'{0x0000000711360fa0}> (0x0000000711360fa0) 
thrown [open/src/hotspot/share/prims/jni.cpp, line 516]
Event: 3493.552 Thread 0x00007f08d091f760 Exception <a 'java/io/IOException'{0x00000007113632a0}> (0x00000007113632a0) 
thrown [open/src/hotspot/share/prims/jni.cpp, line 516]
Event: 3493.552 Thread 0x00007f08d091f760 Exception <a 'java/io/IOException'{0x00000007113655b8}> (0x00000007113655b8) 
thrown [open/src/hotspot/share/prims/jni.cpp, line 516]
Event: 3493.553 Thread 0x00007f08d091f760 Exception <a 'java/io/IOException'{0x00000007113678b8}> (0x00000007113678b8) 
thrown [open/src/hotspot/share/prims/jni.cpp, line 516]
Event: 3493.553 Thread 0x00007f08d091f760 Exception <a 'java/io/IOException'{0x0000000711369bb8}> (0x0000000711369bb8) 
thrown [open/src/hotspot/share/prims/jni.cpp, line 516]
Event: 3493.554 Thread 0x00007f08d091f760 Exception <a 'java/io/IOException'{0x000000071136beb8}> (0x000000071136beb8) 
thrown [open/src/hotspot/share/prims/jni.cpp, line 516]
Event: 3493.555 Thread 0x00007f08a0003260 Exception <a 'java/io/IOException'{0x0000000711372e10}> (0x0000000711372e10) 
thrown [open/src/hotspot/share/prims/jni.cpp, line 516]

VM Operations (20 events):
Event: 1381.070 Executing VM operation: Cleanup
Event: 1381.070 Executing VM operation: Cleanup done
Event: 1767.191 Executing VM operation: Cleanup
Event: 1767.191 Executing VM operation: Cleanup done
Event: 1769.191 Executing VM operation: Cleanup
Event: 1769.191 Executing VM operation: Cleanup done
Event: 1784.195 Executing VM operation: Cleanup
Event: 1784.196 Executing VM operation: Cleanup done
Event: 1787.196 Executing VM operation: Cleanup
Event: 1787.196 Executing VM operation: Cleanup done
Event: 1793.199 Executing VM operation: Cleanup
Event: 1793.199 Executing VM operation: Cleanup done
Event: 2573.385 Executing VM operation: Cleanup
Event: 2573.385 Executing VM operation: Cleanup done
Event: 2673.410 Executing VM operation: Cleanup
Event: 2673.410 Executing VM operation: Cleanup done
Event: 3313.388 Executing VM operation: G1CollectForAllocation
Event: 3313.395 Executing VM operation: G1CollectForAllocation done
Event: 3493.556 Executing VM operation: G1CollectFull
Event: 3493.608 Executing VM operation: G1CollectFull done

Events (20 events):
Event: 3493.541 Thread 0x00007f08d1125410 Thread exited: 0x00007f08d1125410
Event: 3493.541 Thread 0x00007f08d1124a50 Thread exited: 0x00007f08d1124a50
Event: 3493.541 Thread 0x00007f08d1126cf0 Thread exited: 0x00007f08d1126cf0
Event: 3493.541 Thread 0x00007f08d112acb0 Thread exited: 0x00007f08d112acb0
Event: 3493.541 Thread 0x00007f08d1127bd0 Thread exited: 0x00007f08d1127bd0
Event: 3493.541 Thread 0x00007f08d1126080 Thread exited: 0x00007f08d1126080
Event: 3493.541 Thread 0x00007f08d0920570 Thread exited: 0x00007f08d0920570
Event: 3493.541 Thread 0x00007f08d112bdc0 Thread exited: 0x00007f08d112bdc0
Event: 3493.541 Thread 0x00007f08d1129bb0 Thread exited: 0x00007f08d1129bb0
Event: 3493.542 Thread 0x00007f08d091f760 Thread exited: 0x00007f08d091f760
Event: 3493.542 Thread 0x00007f08b8001520 Thread exited: 0x00007f08b8001520
Event: 3493.549 Thread 0x00007f08d091f760 Thread added: 0x00007f08d091f760
Event: 3493.549 Protecting memory [0x00007f0935e5f000,0x00007f0935e63000] with protection modes 0
Event: 3493.549 Thread 0x00007f08d0cc8190 Thread exited: 0x00007f08d0cc8190
Event: 3493.554 Thread 0x00007f08d091f760 Thread exited: 0x00007f08d091f760
Event: 3493.609 Thread 0x00007f08d091f760 Thread added: 0x00007f08d091f760
Event: 3493.609 Protecting memory [0x00007f0935e5f000,0x00007f0935e63000] with protection modes 0
Event: 3493.609 Thread 0x00007f08d091f760 Thread exited: 0x00007f08d091f760
Event: 3493.610 Thread 0x00007f08d091f760 Thread added: 0x00007f08d091f760
Event: 3493.610 Protecting memory [0x00007f0935e5f000,0x00007f0935e63000] with protection modes 0


Dynamic libraries:
70bc00000-711400000 rw-p 00000000 00:00 0 
711400000-71b000000 ---p 00000000 00:00 0 
71b000000-71b200000 rw-p 00000000 00:00 0 
71b200000-7ffc00000 ---p 00000000 00:00 0 
7ffc00000-7ffd00000 rw-p 00000000 00:00 0 
7ffd00000-7ffd75000 rw-p 00c5c000 103:05 1573416                         /home/yassine/.jdks/openjdk-18.0.2/lib/server/classes.jsa
7ffd75000-7ffe00000 rw-p 00000000 00:00 0 
7ffe00000-7ffe76000 rw-p 00be6000 103:05 1573416                         /home/yassine/.jdks/openjdk-18.0.2/lib/server/classes.jsa
7ffe76000-800000000 rw-p 00000000 00:00 0 
800000000-800448000 rw-p 00001000 103:05 1573416                         /home/yassine/.jdks/openjdk-18.0.2/lib/server/classes.jsa
800448000-800bae000 r--p 00449000 103:05 1573416                         /home/yassine/.jdks/openjdk-18.0.2/lib/server/classes.jsa
800bae000-800c00000 ---p 00000000 00:00 0 
800c00000-800c20000 rw-p 00000000 00:00 0 
800c20000-800c40000 rw-p 00000000 00:00 0 
800c40000-800cc0000 rw-p 00000000 00:00 0 
800cc0000-800d80000 rw-p 00000000 00:00 0 
800d80000-800fc0000 rw-p 00000000 00:00 0 
800fc0000-801000000 rw-p 00000000 00:00 0 
801000000-801160000 rw-p 00000000 00:00 0 
801160000-8011b0000 rw-p 00000000 00:00 0 
8011b0000-8011c0000 ---p 00000000 00:00 0 
8011c0000-8014b0000 rw-p 00000000 00:00 0 
8014b0000-840c00000 ---p 00000000 00:00 0 
55a6ee490000-55a6ee491000 r-xp 00000000 103:05 1448874                   /home/yassine/.jdks/openjdk-18.0.2/bin/java
55a6ee492000-55a6ee493000 r--p 00001000 103:05 1448874                   /home/yassine/.jdks/openjdk-18.0.2/bin/java
55a6ee493000-55a6ee494000 rw-p 00002000 103:05 1448874                   /home/yassine/.jdks/openjdk-18.0.2/bin/java
55a6eecaa000-55a6eecf3000 rw-p 00000000 00:00 0                          [heap]
7f0868000000-7f0868021000 rw-p 00000000 00:00 0 
7f0868021000-7f086c000000 ---p 00000000 00:00 0 
7f0870000000-7f0870021000 rw-p 00000000 00:00 0 
7f0870021000-7f0874000000 ---p 00000000 00:00 0 
7f0874000000-7f0874021000 rw-p 00000000 00:00 0 
7f0874021000-7f0878000000 ---p 00000000 00:00 0 
7f0878000000-7f0878021000 rw-p 00000000 00:00 0 
7f0878021000-7f087c000000 ---p 00000000 00:00 0 
7f087c000000-7f087c021000 rw-p 00000000 00:00 0 
7f087c021000-7f0880000000 ---p 00000000 00:00 0 
7f0880000000-7f0880021000 rw-p 00000000 00:00 0 
7f0880021000-7f0884000000 ---p 00000000 00:00 0 
7f0884000000-7f0884021000 rw-p 00000000 00:00 0 
7f0884021000-7f0888000000 ---p 00000000 00:00 0 
7f0888000000-7f0888021000 rw-p 00000000 00:00 0 
7f0888021000-7f088c000000 ---p 00000000 00:00 0 
7f088c000000-7f088c021000 rw-p 00000000 00:00 0 
7f088c021000-7f0890000000 ---p 00000000 00:00 0 
7f0890000000-7f0890021000 rw-p 00000000 00:00 0 
7f0890021000-7f0894000000 ---p 00000000 00:00 0 
7f0894000000-7f0894021000 rw-p 00000000 00:00 0 
7f0894021000-7f0898000000 ---p 00000000 00:00 0 
7f0898000000-7f08980d6000 rw-p 00000000 00:00 0 
7f08980d6000-7f089c000000 ---p 00000000 00:00 0 
7f089c000000-7f089c021000 rw-p 00000000 00:00 0 
7f089c021000-7f08a0000000 ---p 00000000 00:00 0 
7f08a0000000-7f08a0021000 rw-p 00000000 00:00 0 
7f08a0021000-7f08a4000000 ---p 00000000 00:00 0 
7f08a4000000-7f08a41b0000 rw-p 00000000 00:00 0 
7f08a41b0000-7f08a8000000 ---p 00000000 00:00 0 
7f08a8000000-7f08a8021000 rw-p 00000000 00:00 0 
7f08a8021000-7f08ac000000 ---p 00000000 00:00 0 
7f08ac000000-7f08ac021000 rw-p 00000000 00:00 0 
7f08ac021000-7f08b0000000 ---p 00000000 00:00 0 
7f08b0000000-7f08b0021000 rw-p 00000000 00:00 0 
7f08b0021000-7f08b4000000 ---p 00000000 00:00 0 
7f08b4000000-7f08b4021000 rw-p 00000000 00:00 0 
7f08b4021000-7f08b8000000 ---p 00000000 00:00 0 
7f08b8000000-7f08b8021000 rw-p 00000000 00:00 0 
7f08b8021000-7f08bc000000 ---p 00000000 00:00 0 
7f08bc000000-7f08bc021000 rw-p 00000000 00:00 0 
7f08bc021000-7f08c0000000 ---p 00000000 00:00 0 
7f08c0000000-7f08c0023000 rw-p 00000000 00:00 0 
7f08c0023000-7f08c4000000 ---p 00000000 00:00 0 
7f08c4000000-7f08c4021000 rw-p 00000000 00:00 0 
7f08c4021000-7f08c8000000 ---p 00000000 00:00 0 
7f08c8000000-7f08c8021000 rw-p 00000000 00:00 0 
7f08c8021000-7f08cc000000 ---p 00000000 00:00 0 
7f08cc000000-7f08cc1b2000 rw-p 00000000 00:00 0 
7f08cc1b2000-7f08d0000000 ---p 00000000 00:00 0 
7f08d0000000-7f08d1193000 rw-p 00000000 00:00 0 
7f08d1193000-7f08d4000000 ---p 00000000 00:00 0 
7f08d4000000-7f08d403e000 rw-p 00000000 00:00 0 
7f08d403e000-7f08d8000000 ---p 00000000 00:00 0 
7f08d8000000-7f08d8031000 rw-p 00000000 00:00 0 
7f08d8031000-7f08dc000000 ---p 00000000 00:00 0 
7f08dc000000-7f08dc021000 rw-p 00000000 00:00 0 
7f08dc021000-7f08e0000000 ---p 00000000 00:00 0 
7f08e0000000-7f08e0021000 rw-p 00000000 00:00 0 
7f08e0021000-7f08e4000000 ---p 00000000 00:00 0 
7f08e4000000-7f08e4021000 rw-p 00000000 00:00 0 
7f08e4021000-7f08e8000000 ---p 00000000 00:00 0 
7f08e8000000-7f08e8021000 rw-p 00000000 00:00 0 
7f08e8021000-7f08ec000000 ---p 00000000 00:00 0 
7f08ec000000-7f08ec038000 rw-p 00000000 00:00 0 
7f08ec038000-7f08f0000000 ---p 00000000 00:00 0 
7f08f0000000-7f08f006d000 rw-p 00000000 00:00 0 
7f08f006d000-7f08f4000000 ---p 00000000 00:00 0 
7f08f4000000-7f08f402f000 rw-p 00000000 00:00 0 
7f08f402f000-7f08f8000000 ---p 00000000 00:00 0 
7f08f8000000-7f08f8021000 rw-p 00000000 00:00 0 
7f08f8021000-7f08fc000000 ---p 00000000 00:00 0 
7f08fc000000-7f08fc021000 rw-p 00000000 00:00 0 
7f08fc021000-7f0900000000 ---p 00000000 00:00 0 
7f0900000000-7f090002b000 rw-p 00000000 00:00 0 
7f090002b000-7f0904000000 ---p 00000000 00:00 0 
7f0904000000-7f0904021000 rw-p 00000000 00:00 0 
7f0904021000-7f0908000000 ---p 00000000 00:00 0 
7f0908000000-7f0908021000 rw-p 00000000 00:00 0 
7f0908021000-7f090c000000 ---p 00000000 00:00 0 
7f090c000000-7f090c11b000 rw-p 00000000 00:00 0 
7f090c11b000-7f0910000000 ---p 00000000 00:00 0 
7f0910000000-7f0910021000 rw-p 00000000 00:00 0 
7f0910021000-7f0914000000 ---p 00000000 00:00 0 
7f0914000000-7f0914157000 rw-p 00000000 00:00 0 
7f0914157000-7f0918000000 ---p 00000000 00:00 0 
7f0918000000-7f0918021000 rw-p 00000000 00:00 0 
7f0918021000-7f091c000000 ---p 00000000 00:00 0 
7f091c000000-7f091c31d000 rw-p 00000000 00:00 0 
7f091c31d000-7f0920000000 ---p 00000000 00:00 0 
7f0920000000-7f0920021000 rw-p 00000000 00:00 0 
7f0920021000-7f0924000000 ---p 00000000 00:00 0 
7f0924000000-7f0924167000 rw-p 00000000 00:00 0 
7f0924167000-7f0928000000 ---p 00000000 00:00 0 
7f0928000000-7f0928021000 rw-p 00000000 00:00 0 
7f0928021000-7f092c000000 ---p 00000000 00:00 0 
7f092c000000-7f092c021000 rw-p 00000000 00:00 0 
7f092c021000-7f0930000000 ---p 00000000 00:00 0 
7f0930000000-7f0930064000 rw-p 00000000 00:00 0 
7f0930064000-7f0934000000 ---p 00000000 00:00 0 
7f09348ce000-7f0934b4c000 rw-p 00000000 00:00 0 
7f0934b4c000-7f0934b50000 ---p 00000000 00:00 0 
7f0934b50000-7f0934c4d000 rw-p 00000000 00:00 0 
7f0934c4d000-7f0934c51000 ---p 00000000 00:00 0 
7f0934c51000-7f0934d4e000 rw-p 00000000 00:00 0 
7f0934d4e000-7f0934d52000 ---p 00000000 00:00 0 
7f0934d52000-7f0934e4f000 rw-p 00000000 00:00 0 
7f0934e4f000-7f0934e53000 ---p 00000000 00:00 0 
7f0934e53000-7f0934f50000 rw-p 00000000 00:00 0 
7f0934f50000-7f0934f54000 ---p 00000000 00:00 0 
7f0934f54000-7f0935051000 rw-p 00000000 00:00 0 
7f0935051000-7f0935055000 ---p 00000000 00:00 0 
7f0935055000-7f0935152000 rw-p 00000000 00:00 0 
7f0935152000-7f0935156000 ---p 00000000 00:00 0 
7f0935156000-7f0935253000 rw-p 00000000 00:00 0 
7f0935253000-7f0935257000 ---p 00000000 00:00 0 
7f0935257000-7f0935354000 rw-p 00000000 00:00 0 
7f0935354000-7f0935358000 ---p 00000000 00:00 0 
7f0935358000-7f0935455000 rw-p 00000000 00:00 0 
7f0935455000-7f0935459000 ---p 00000000 00:00 0 
7f0935459000-7f0935556000 rw-p 00000000 00:00 0 
7f0935556000-7f093555a000 ---p 00000000 00:00 0 
7f093555a000-7f0935657000 rw-p 00000000 00:00 0 
7f0935657000-7f093565b000 ---p 00000000 00:00 0 
7f093565b000-7f0935758000 rw-p 00000000 00:00 0 
7f0935758000-7f093575c000 ---p 00000000 00:00 0 
7f093575c000-7f0935859000 rw-p 00000000 00:00 0 
7f0935859000-7f093585d000 ---p 00000000 00:00 0 
7f093585d000-7f093595a000 rw-p 00000000 00:00 0 
7f093595a000-7f093595e000 ---p 00000000 00:00 0 
7f093595e000-7f0935a5b000 rw-p 00000000 00:00 0 
7f0935a5b000-7f0935a5f000 ---p 00000000 00:00 0 
7f0935a5f000-7f0935b5c000 rw-p 00000000 00:00 0 
7f0935b5c000-7f0935b60000 ---p 00000000 00:00 0 
7f0935b60000-7f0935c5d000 rw-p 00000000 00:00 0 
7f0935c5d000-7f0935c61000 ---p 00000000 00:00 0 
7f0935c61000-7f0935d5e000 rw-p 00000000 00:00 0 
7f0935d5e000-7f0935d62000 ---p 00000000 00:00 0 
7f0935d62000-7f0935e5f000 rw-p 00000000 00:00 0 
7f0935e5f000-7f0935e63000 ---p 00000000 00:00 0 
7f0935e63000-7f0935f60000 rw-p 00000000 00:00 0 
7f0935f60000-7f0935f61000 ---p 00000000 00:00 0 
7f0935f61000-7f0936062000 rw-p 00000000 00:00 0 
7f0936062000-7f0936063000 ---p 00000000 00:00 0 
7f0936063000-7f0936164000 rw-p 00000000 00:00 0 
7f0936164000-7f0936165000 ---p 00000000 00:00 0 
7f0936165000-7f0936266000 rw-p 00000000 00:00 0 
7f0936266000-7f093626a000 ---p 00000000 00:00 0 
7f093626a000-7f0936367000 rw-p 00000000 00:00 0 
7f0936367000-7f093636b000 ---p 00000000 00:00 0 
7f093636b000-7f0936468000 rw-p 00000000 00:00 0 
7f0936468000-7f093646c000 ---p 00000000 00:00 0 
7f093646c000-7f0936569000 rw-p 00000000 00:00 0 
7f0936569000-7f093656d000 ---p 00000000 00:00 0 
7f093656d000-7f093666a000 rw-p 00000000 00:00 0 
7f093666a000-7f093666e000 ---p 00000000 00:00 0 
7f093666e000-7f093676b000 rw-p 00000000 00:00 0 
7f093676b000-7f093676f000 ---p 00000000 00:00 0 
7f093676f000-7f093686c000 rw-p 00000000 00:00 0 
7f093686c000-7f093686d000 ---p 00000000 00:00 0 
7f093686d000-7f093696e000 rw-p 00000000 00:00 0 
7f093696e000-7f093696f000 ---p 00000000 00:00 0 
7f093696f000-7f0936a70000 rw-p 00000000 00:00 0 
7f0936a70000-7f0936a71000 ---p 00000000 00:00 0 
7f0936a71000-7f0936b72000 rw-p 00000000 00:00 0 
7f0936b72000-7f0936b73000 ---p 00000000 00:00 0 
7f0936b73000-7f0936c74000 rw-p 00000000 00:00 0 
7f0936c74000-7f0936c75000 ---p 00000000 00:00 0 
7f0936c75000-7f0936d76000 rw-p 00000000 00:00 0 
7f0936d76000-7f0936d7a000 ---p 00000000 00:00 0 
7f0936d7a000-7f0936e77000 rw-p 00000000 00:00 0 
7f0936e77000-7f0936e78000 ---p 00000000 00:00 0 
7f0936e78000-7f0936f79000 rw-p 00000000 00:00 0 
7f0936f79000-7f0936f7d000 ---p 00000000 00:00 0 
7f0936f7d000-7f093707a000 rw-p 00000000 00:00 0 
7f093707a000-7f093707e000 ---p 00000000 00:00 0 
7f093707e000-7f093717b000 rw-p 00000000 00:00 0 
7f093717b000-7f093717f000 ---p 00000000 00:00 0 
7f093717f000-7f093727c000 rw-p 00000000 00:00 0 
7f093727c000-7f0937280000 ---p 00000000 00:00 0 
7f0937280000-7f093737d000 rw-p 00000000 00:00 0 
7f093737d000-7f0937381000 ---p 00000000 00:00 0 
7f0937381000-7f093747e000 rw-p 00000000 00:00 0 
7f093747e000-7f0937482000 ---p 00000000 00:00 0 
7f0937482000-7f093757f000 rw-p 00000000 00:00 0 
7f093757f000-7f0937583000 ---p 00000000 00:00 0 
7f0937583000-7f0937680000 rw-p 00000000 00:00 0 
7f0937680000-7f0937684000 ---p 00000000 00:00 0 
7f0937684000-7f0937781000 rw-p 00000000 00:00 0 
7f0937781000-7f0937785000 ---p 00000000 00:00 0 
7f0937785000-7f0937882000 rw-p 00000000 00:00 0 
7f0937882000-7f0937886000 ---p 00000000 00:00 0 
7f0937886000-7f0937983000 rw-p 00000000 00:00 0 
7f0937983000-7f0937987000 ---p 00000000 00:00 0 
7f0937987000-7f0937a84000 rw-p 00000000 00:00 0 
7f0937a84000-7f0937cfc000 r--p 00000000 103:05 5149941                   /usr/lib/locale/en_GB.utf8/LC_COLLATE
7f0937cfc000-7f0937d00000 ---p 00000000 00:00 0 
7f0937d00000-7f0937dfd000 rw-p 00000000 00:00 0 
7f0937dfd000-7f0937e01000 ---p 00000000 00:00 0 
7f0937e01000-7f0937efe000 rw-p 00000000 00:00 0 
7f0937efe000-7f0937eff000 ---p 00000000 00:00 0 
7f0937eff000-7f0938400000 rw-p 00000000 00:00 0 
7f0938400000-7f0938500000 rw-p 00000000 00:00 0 
7f0938500000-7f0938600000 rw-p 00000000 00:00 0 
7f0938600000-7f09387c0000 rw-p 00000000 00:00 0 
7f09387c0000-7f0938900000 rw-p 00000000 00:00 0 
7f0938900000-7f0938a00000 rw-p 00000000 00:00 0 
7f0938a00000-7f09397e0000 rw-p 00000000 00:00 0 
7f09397e0000-7f0939800000 rw-p 00000000 00:00 0 
7f0939800000-7f0939900000 rw-p 00000000 00:00 0 
7f0939900000-7f0939a00000 rw-p 00000000 00:00 0 
7f0939a00000-7f093a100000 rw-p 00000000 00:00 0 
7f093a100000-7f093a300000 rw-p 00000000 00:00 0 
7f093a300000-7f093a400000 rw-p 00000000 00:00 0 
7f093a400000-7f093ad00000 rw-p 00000000 00:00 0 
7f093ad00000-7f093ad80000 rw-p 00000000 00:00 0 
7f093ad80000-7f093ae00000 ---p 00000000 00:00 0 
7f093ae00000-7f093b490000 rw-p 00000000 00:00 0 
7f093b490000-7f093c000000 ---p 00000000 00:00 0 
7f093c000000-7f093c021000 rw-p 00000000 00:00 0 
7f093c021000-7f0940000000 ---p 00000000 00:00 0 
7f0940000000-7f0940021000 rw-p 00000000 00:00 0 
7f0940021000-7f0944000000 ---p 00000000 00:00 0 
7f0944000000-7f0944021000 rw-p 00000000 00:00 0 
7f0944021000-7f0948000000 ---p 00000000 00:00 0 
7f0948000000-7f0948021000 rw-p 00000000 00:00 0 
7f0948021000-7f094c000000 ---p 00000000 00:00 0 
7f094c000000-7f094c021000 rw-p 00000000 00:00 0 
7f094c021000-7f0950000000 ---p 00000000 00:00 0 
7f0950065000-7f0950072000 r-xp 00000000 103:05 1573405                   /home/yassine/.jdks/openjdk-18.0.2/lib/libverify.so
7f0950072000-7f0950074000 r--p 0000c000 103:05 1573405                   /home/yassine/.jdks/openjdk-18.0.2/lib/libverify.so
7f0950074000-7f0950075000 rw-p 0000e000 103:05 1573405                   /home/yassine/.jdks/openjdk-18.0.2/lib/libverify.so
7f0950075000-7f095007b000 r-xp 00000000 103:05 1573395                   /home/yassine/.jdks/openjdk-18.0.2/lib/libmanagement_ext.so
7f095007b000-7f095007c000 r--p 00005000 103:05 1573395                   /home/yassine/.jdks/openjdk-18.0.2/lib/libmanagement_ext.so
7f095007c000-7f095007d000 rw-p 00006000 103:05 1573395                   /home/yassine/.jdks/openjdk-18.0.2/lib/libmanagement_ext.so
7f095007d000-7f0950081000 r-xp 00000000 103:05 1573393                   /home/yassine/.jdks/openjdk-18.0.2/lib/libmanagement.so
7f0950081000-7f0950082000 r--p 00003000 103:05 1573393                   /home/yassine/.jdks/openjdk-18.0.2/lib/libmanagement.so
7f0950082000-7f0950083000 rw-p 00004000 103:05 1573393                   /home/yassine/.jdks/openjdk-18.0.2/lib/libmanagement.so
7f0950083000-7f09500d8000 r--p 00000000 103:05 5178487                   /usr/lib/locale/en_GB.utf8/LC_CTYPE
7f09500d8000-7f09501a6000 r-xp 00000000 103:05 1573391                   /home/yassine/.jdks/openjdk-18.0.2/lib/libjsvml.so
7f09501a6000-7f09501a7000 r--p 000cd000 103:05 1573391                   /home/yassine/.jdks/openjdk-18.0.2/lib/libjsvml.so
7f09501a7000-7f09501a8000 rw-p 000ce000 103:05 1573391                   /home/yassine/.jdks/openjdk-18.0.2/lib/libjsvml.so
7f09501a8000-7f0950284000 rw-p 00000000 00:00 0 
7f0950284000-7f0950285000 ---p 00000000 00:00 0 
7f0950285000-7f0950386000 rw-p 00000000 00:00 0 
7f0950386000-7f0950387000 ---p 00000000 00:00 0 
7f0950387000-7f0952c90000 rw-p 00000000 00:00 0 
7f0952c90000-7f0952c91000 ---p 00000000 00:00 0 
7f0952c91000-7f0952d92000 rw-p 00000000 00:00 0 
7f0952d92000-7f0952d93000 ---p 00000000 00:00 0 
7f0952d93000-7f0952e94000 rw-p 00000000 00:00 0 
7f0952e94000-7f0952e95000 ---p 00000000 00:00 0 
7f0952e95000-7f0953174000 rw-p 00000000 00:00 0 
7f0953174000-7f09533e4000 ---p 00000000 00:00 0 
7f09533e4000-7f09533ec000 rw-p 00000000 00:00 0 
7f09533ec000-7f0956d14000 ---p 00000000 00:00 0 
7f0956d14000-7f0956e84000 rw-p 00000000 00:00 0 
7f0956e84000-7f09570f4000 ---p 00000000 00:00 0 
7f09570f4000-7f09570fc000 rw-p 00000000 00:00 0 
7f09570fc000-7f095aa24000 ---p 00000000 00:00 0 
7f095aa24000-7f095aa60000 rw-p 00000000 00:00 0 
7f095aa60000-7f095aaae000 ---p 00000000 00:00 0 
7f095aaae000-7f095aaaf000 rw-p 00000000 00:00 0 
7f095aaaf000-7f095b1d4000 ---p 00000000 00:00 0 
7f095b1d4000-7f095b202000 rw-p 00000000 00:00 0 
7f095b202000-7f095b250000 ---p 00000000 00:00 0 
7f095b250000-7f095b251000 rw-p 00000000 00:00 0 
7f095b251000-7f095b976000 ---p 00000000 00:00 0 
7f095b976000-7f095b9a4000 rw-p 00000000 00:00 0 
7f095b9a4000-7f095b9f2000 ---p 00000000 00:00 0 
7f095b9f2000-7f095b9f3000 rw-p 00000000 00:00 0 
7f095b9f3000-7f095c118000 ---p 00000000 00:00 0 
7f095c118000-7f095c61f000 rw-p 00000000 00:00 0 
7f095c61f000-7f0964000000 r--s 00000000 103:05 1573407                   /home/yassine/.jdks/openjdk-18.0.2/lib/modules
7f0964000000-7f09646ca000 rw-p 00000000 00:00 0 
7f09646ca000-7f0968000000 ---p 00000000 00:00 0 
7f0968000000-7f096800e000 r-xp 00000000 103:05 1573397                   /home/yassine/.jdks/openjdk-18.0.2/lib/libnet.so
7f096800e000-7f096800f000 r--p 0000d000 103:05 1573397                   /home/yassine/.jdks/openjdk-18.0.2/lib/libnet.so
7f096800f000-7f0968010000 rw-p 0000e000 103:05 1573397                   /home/yassine/.jdks/openjdk-18.0.2/lib/libnet.so
7f0968010000-7f0968023000 r-xp 00000000 103:05 1573398                   /home/yassine/.jdks/openjdk-18.0.2/lib/libnio.so
7f0968023000-7f0968024000 r--p 00012000 103:05 1573398                   /home/yassine/.jdks/openjdk-18.0.2/lib/libnio.so
7f0968024000-7f0968025000 rw-p 00013000 103:05 1573398                   /home/yassine/.jdks/openjdk-18.0.2/lib/libnio.so
7f0968025000-7f096802c000 r-xp 00000000 103:05 1573406                   /home/yassine/.jdks/openjdk-18.0.2/lib/libzip.so
7f096802c000-7f096802d000 ---p 00007000 103:05 1573406                   /home/yassine/.jdks/openjdk-18.0.2/lib/libzip.so
7f096802d000-7f096802e000 r--p 00007000 103:05 1573406                   /home/yassine/.jdks/openjdk-18.0.2/lib/libzip.so
7f096802e000-7f096802f000 rw-p 00008000 103:05 1573406                   /home/yassine/.jdks/openjdk-18.0.2/lib/libzip.so
7f096802f000-7f096838e000 rw-p 00000000 00:00 0 
7f096838e000-7f09683d3000 ---p 00000000 00:00 0 
7f09683d3000-7f0969103000 rwxp 00000000 00:00 0 
7f0969103000-7f096b3d3000 ---p 00000000 00:00 0 
7f096b3d3000-7f096b3d6000 r--p 00000000 103:05 5161909                   /usr/lib/x86_64-linux-gnu/libnss_files-2.33.so
7f096b3d6000-7f096b3dd000 r-xp 00003000 103:05 5161909                   /usr/lib/x86_64-linux-gnu/libnss_files-2.33.so
7f096b3dd000-7f096b3df000 r--p 0000a000 103:05 5161909                   /usr/lib/x86_64-linux-gnu/libnss_files-2.33.so
7f096b3df000-7f096b3e0000 r--p 0000b000 103:05 5161909                   /usr/lib/x86_64-linux-gnu/libnss_files-2.33.so
7f096b3e0000-7f096b3e1000 rw-p 0000c000 103:05 5161909                   /usr/lib/x86_64-linux-gnu/libnss_files-2.33.so
7f096b3e1000-7f096b3e7000 rw-p 00000000 00:00 0 
7f096b3e9000-7f096b3ea000 r--p 00000000 103:05 5173426                   /usr/share/locale/en_GB/LC_MESSAGES/libc.mo
7f096b3ea000-7f096b3ec000 r-xp 00000000 103:05 1573376                   /home/yassine/.jdks/openjdk-18.0.2/lib/libextnet.so
7f096b3ec000-7f096b3ed000 r--p 00001000 103:05 1573376                   /home/yassine/.jdks/openjdk-18.0.2/lib/libextnet.so
7f096b3ed000-7f096b3ee000 rw-p 00002000 103:05 1573376                   /home/yassine/.jdks/openjdk-18.0.2/lib/libextnet.so
7f096b3ee000-7f096b3ef000 r--p 00000000 103:05 5155125                   /usr/lib/locale/en_GB.utf8/LC_NUMERIC
7f096b3ef000-7f096b3f0000 r--p 00000000 103:05 5167384                   /usr/lib/locale/en_GB.utf8/LC_TIME
7f096b3f0000-7f096b3f1000 r--p 00000000 103:05 5157468                   /usr/lib/locale/en_GB.utf8/LC_MONETARY
7f096b3f1000-7f096b3f2000 r--p 00000000 103:05 5163514                   /usr/lib/locale/en_GB.utf8/LC_MESSAGES/SYS_LC_MESSAGES
7f096b3f2000-7f096b3f3000 r--p 00000000 103:05 5176403                   /usr/lib/locale/en_GB.utf8/LC_PAPER
7f096b3f3000-7f096b3f4000 r--p 00000000 103:05 5175967                   /usr/lib/locale/en_GB.utf8/LC_NAME
7f096b3f4000-7f096b3f5000 r--p 00000000 103:05 5152721                   /usr/lib/locale/en_GB.utf8/LC_ADDRESS
7f096b3f5000-7f096b419000 r-xp 00000000 103:05 1573383                   /home/yassine/.jdks/openjdk-18.0.2/lib/libjava.so
7f096b419000-7f096b41a000 ---p 00024000 103:05 1573383                   /home/yassine/.jdks/openjdk-18.0.2/lib/libjava.so
7f096b41a000-7f096b41b000 r--p 00024000 103:05 1573383                   /home/yassine/.jdks/openjdk-18.0.2/lib/libjava.so
7f096b41b000-7f096b41c000 rw-p 00025000 103:05 1573383                   /home/yassine/.jdks/openjdk-18.0.2/lib/libjava.so
7f096b41c000-7f096b41d000 rw-p 00000000 00:00 0 
7f096b41d000-7f096b427000 r-xp 00000000 103:05 1573378                   /home/yassine/.jdks/openjdk-18.0.2/lib/libinstrument.so
7f096b427000-7f096b428000 r--p 00009000 103:05 1573378                   /home/yassine/.jdks/openjdk-18.0.2/lib/libinstrument.so
7f096b428000-7f096b429000 rw-p 0000a000 103:05 1573378                   /home/yassine/.jdks/openjdk-18.0.2/lib/libinstrument.so
7f096b429000-7f096b444000 r-xp 00000000 103:05 1573387                   /home/yassine/.jdks/openjdk-18.0.2/lib/libjimage.so
7f096b444000-7f096b445000 ---p 0001b000 103:05 1573387                   /home/yassine/.jdks/openjdk-18.0.2/lib/libjimage.so
7f096b445000-7f096b447000 r--p 0001b000 103:05 1573387                   /home/yassine/.jdks/openjdk-18.0.2/lib/libjimage.so
7f096b447000-7f096b448000 rw-p 0001d000 103:05 1573387                   /home/yassine/.jdks/openjdk-18.0.2/lib/libjimage.so
7f096b448000-7f096b44c000 ---p 00000000 00:00 0 
7f096b44c000-7f096b549000 rw-p 00000000 00:00 0 
7f096b549000-7f096b556000 r--p 00000000 103:05 5183969                   /usr/lib/x86_64-linux-gnu/libm-2.33.so
7f096b556000-7f096b5f5000 r-xp 0000d000 103:05 5183969                   /usr/lib/x86_64-linux-gnu/libm-2.33.so
7f096b5f5000-7f096b690000 r--p 000ac000 103:05 5183969                   /usr/lib/x86_64-linux-gnu/libm-2.33.so
7f096b690000-7f096b691000 r--p 00146000 103:05 5183969                   /usr/lib/x86_64-linux-gnu/libm-2.33.so
7f096b691000-7f096b692000 rw-p 00147000 103:05 5183969                   /usr/lib/x86_64-linux-gnu/libm-2.33.so
7f096b692000-7f096b694000 r--p 00000000 103:05 5167886                   /usr/lib/x86_64-linux-gnu/librt-2.33.so
7f096b694000-7f096b698000 r-xp 00002000 103:05 5167886                   /usr/lib/x86_64-linux-gnu/librt-2.33.so
7f096b698000-7f096b69a000 r--p 00006000 103:05 5167886                   /usr/lib/x86_64-linux-gnu/librt-2.33.so
7f096b69a000-7f096b69b000 r--p 00007000 103:05 5167886                   /usr/lib/x86_64-linux-gnu/librt-2.33.so
7f096b69b000-7f096b69c000 rw-p 00008000 103:05 5167886                   /usr/lib/x86_64-linux-gnu/librt-2.33.so
7f096b69c000-7f096c7e2000 r-xp 00000000 103:05 1573419                   /home/yassine/.jdks/openjdk-18.0.2/lib/server/libjvm.so
7f096c7e2000-7f096c7e3000 ---p 01146000 103:05 1573419                   /home/yassine/.jdks/openjdk-18.0.2/lib/server/libjvm.so
7f096c7e3000-7f096c8a1000 r--p 01146000 103:05 1573419                   /home/yassine/.jdks/openjdk-18.0.2/lib/server/libjvm.so
7f096c8a1000-7f096c8d4000 rw-p 01204000 103:05 1573419                   /home/yassine/.jdks/openjdk-18.0.2/lib/server/libjvm.so
7f096c8d4000-7f096c931000 rw-p 00000000 00:00 0 
7f096c931000-7f096c953000 r--p 00000000 103:05 5183936                   /usr/lib/x86_64-linux-gnu/libc-2.33.so
7f096c953000-7f096cab7000 r-xp 00022000 103:05 5183936                   /usr/lib/x86_64-linux-gnu/libc-2.33.so
7f096cab7000-7f096cb02000 r--p 00186000 103:05 5183936                   /usr/lib/x86_64-linux-gnu/libc-2.33.so
7f096cb02000-7f096cb06000 r--p 001d0000 103:05 5183936                   /usr/lib/x86_64-linux-gnu/libc-2.33.so
7f096cb06000-7f096cb08000 rw-p 001d4000 103:05 5183936                   /usr/lib/x86_64-linux-gnu/libc-2.33.so
7f096cb08000-7f096cb11000 rw-p 00000000 00:00 0 
7f096cb11000-7f096cb12000 r--p 00000000 103:05 5165755                   /usr/lib/x86_64-linux-gnu/libdl-2.33.so
7f096cb12000-7f096cb14000 r-xp 00001000 103:05 5165755                   /usr/lib/x86_64-linux-gnu/libdl-2.33.so
7f096cb14000-7f096cb15000 r--p 00003000 103:05 5165755                   /usr/lib/x86_64-linux-gnu/libdl-2.33.so
7f096cb15000-7f096cb16000 r--p 00003000 103:05 5165755                   /usr/lib/x86_64-linux-gnu/libdl-2.33.so
7f096cb16000-7f096cb17000 rw-p 00004000 103:05 5165755                   /usr/lib/x86_64-linux-gnu/libdl-2.33.so
7f096cb17000-7f096cb1d000 r--p 00000000 103:05 5164913                   /usr/lib/x86_64-linux-gnu/libpthread-2.33.so
7f096cb1d000-7f096cb2c000 r-xp 00006000 103:05 5164913                   /usr/lib/x86_64-linux-gnu/libpthread-2.33.so
7f096cb2c000-7f096cb31000 r--p 00015000 103:05 5164913                   /usr/lib/x86_64-linux-gnu/libpthread-2.33.so
7f096cb31000-7f096cb32000 ---p 0001a000 103:05 5164913                   /usr/lib/x86_64-linux-gnu/libpthread-2.33.so
7f096cb32000-7f096cb33000 r--p 0001a000 103:05 5164913                   /usr/lib/x86_64-linux-gnu/libpthread-2.33.so
7f096cb33000-7f096cb34000 rw-p 0001b000 103:05 5164913                   /usr/lib/x86_64-linux-gnu/libpthread-2.33.so
7f096cb34000-7f096cb38000 rw-p 00000000 00:00 0 
7f096cb38000-7f096cb46000 r-xp 00000000 103:05 1573388                   /home/yassine/.jdks/openjdk-18.0.2/lib/libjli.so
7f096cb46000-7f096cb47000 ---p 0000e000 103:05 1573388                   /home/yassine/.jdks/openjdk-18.0.2/lib/libjli.so
7f096cb47000-7f096cb48000 r--p 0000e000 103:05 1573388                   /home/yassine/.jdks/openjdk-18.0.2/lib/libjli.so
7f096cb48000-7f096cb49000 rw-p 0000f000 103:05 1573388                   /home/yassine/.jdks/openjdk-18.0.2/lib/libjli.so
7f096cb49000-7f096cb4c000 r--p 00000000 103:05 5170314                   /usr/lib/x86_64-linux-gnu/libz.so.1.2.11
7f096cb4c000-7f096cb5a000 r-xp 00003000 103:05 5170314                   /usr/lib/x86_64-linux-gnu/libz.so.1.2.11
7f096cb5a000-7f096cb60000 r--p 00011000 103:05 5170314                   /usr/lib/x86_64-linux-gnu/libz.so.1.2.11
7f096cb60000-7f096cb61000 r--p 00016000 103:05 5170314                   /usr/lib/x86_64-linux-gnu/libz.so.1.2.11
7f096cb61000-7f096cb62000 rw-p 00017000 103:05 5170314                   /usr/lib/x86_64-linux-gnu/libz.so.1.2.11
7f096cb62000-7f096cb64000 rw-p 00000000 00:00 0 
7f096cb64000-7f096cb65000 r--p 00000000 103:05 5153787                   /usr/lib/locale/en_GB.utf8/LC_TELEPHONE
7f096cb65000-7f096cb66000 r--p 00000000 103:05 5156048                   /usr/lib/locale/en_GB.utf8/LC_MEASUREMENT
7f096cb66000-7f096cb67000 r--p 00000000 103:05 5173303                   /usr/lib/locale/en_GB.utf8/LC_IDENTIFICATION
7f096cb67000-7f096cb6f000 rw-s 00000000 00:39 375                        /tmp/hsperfdata_yassine/1643 (deleted)
7f096cb6f000-7f096cb70000 ---p 00000000 00:00 0 
7f096cb70000-7f096cb71000 r--p 00000000 00:00 0 
7f096cb71000-7f096cb72000 ---p 00000000 00:00 0 
7f096cb72000-7f096cb73000 r--p 00000000 103:05 5176678                   /usr/lib/x86_64-linux-gnu/ld-2.33.so
7f096cb73000-7f096cb99000 r-xp 00001000 103:05 5176678                   /usr/lib/x86_64-linux-gnu/ld-2.33.so
7f096cb99000-7f096cba2000 r--p 00027000 103:05 5176678                   /usr/lib/x86_64-linux-gnu/ld-2.33.so
7f096cba2000-7f096cba4000 r--p 0002f000 103:05 5176678                   /usr/lib/x86_64-linux-gnu/ld-2.33.so
7f096cba4000-7f096cba6000 rw-p 00031000 103:05 5176678                   /usr/lib/x86_64-linux-gnu/ld-2.33.so
7ffeaa63b000-7ffeaa65e000 rw-p 00000000 00:00 0                          [stack]
7ffeaa67e000-7ffeaa682000 r--p 00000000 00:00 0                          [vvar]
7ffeaa682000-7ffeaa684000 r-xp 00000000 00:00 0                          [vdso]
ffffffffff600000-ffffffffff601000 --xp 00000000 00:00 0                  [vsyscall]


VM Arguments:
jvm_args: -XX:TieredStopAtLevel=1 -Dspring.output.ansi.enabled=always -Dcom.sun.management.jmxremote -Dspring.jmx.enabled=true -Dspring.liveBeansView.mbeanDomain -Dspring.application.admin.enabled=true -javaagent:/app/extra/idea-IU/lib/idea_rt.jar=45685:/app/extra/idea-IU/bin -Dfile.encoding=UTF-8 -Dsun.stdout.encoding=UTF-8 -Dsun.stderr.encoding=UTF-8 
java_command: com.rock_papper_scissor.rock_papper_scissor.RockPapperScissorApplication
java_class_path (initial): /home/yassine/Desktop/rock_papper_scissor/target/classes:/home/yassine/.m2/repository/org/springframework/boot/spring-boot-starter-data-jpa/2.7.3/spring-boot-starter-data-jpa-2.7.3.jar:/home/yassine/.m2/repository/org/springframework/boot/spring-boot-starter-aop/2.7.3/spring-boot-starter-aop-2.7.3.jar:/home/yassine/.m2/repository/org/springframework/spring-aop/5.3.22/spring-aop-5.3.22.jar:/home/yassine/.m2/repository/org/aspectj/aspectjweaver/1.9.7/aspectjweaver-1.9.7.jar:/home/yassine/.m2/repository/org/springframework/boot/spring-boot-starter-jdbc/2.7.3/spring-boot-starter-jdbc-2.7.3.jar:/home/yassine/.m2/repository/com/zaxxer/HikariCP/4.0.3/HikariCP-4.0.3.jar:/home/yassine/.m2/repository/org/springframework/spring-jdbc/5.3.22/spring-jdbc-5.3.22.jar:/home/yassine/.m2/repository/jakarta/transaction/jakarta.transaction-api/1.3.3/jakarta.transaction-api-1.3.3.jar:/home/yassine/.m2/repository/jakarta/persistence/jakarta.persistence-api/2.2.3/jakarta.persistence-api-2.2.3.jar:/home/yassine/.m2/repository/org/hibernate/hibernate-core/5.6.10.Final/hibernate-core-5.6.10.Final.jar:/home/yassine/.m2/repository/org/jboss/logging/jboss-logging/3.4.3.Final/jboss-logging-3.4.3.Final.jar:/home/yassine/.m2/repository/net/bytebuddy/byte-buddy/1.12.13/byte-buddy-1.12.13.jar:/home/yassine/.m2/repository/antlr/antlr/2.7.7/antlr-2.7.7.jar:/home/yassine/.m2/repository/org/jboss/jandex/2.4.2.Final/jandex-2.4.2.Final.jar:/home/yassine/.m2/repository/com/fasterxml/classmate/1.5.1/classmate-1.5.1.jar:/home/yassine/.m2/repository/org/hibernate/common/hibernate-commons-annotations/5.1.2.Final/hibernate-commons-annotations-5.1.2.Final.jar:/home/yassine/.m2/repository/org/glassfish/jaxb/jaxb-runtime/2.3.6/jaxb-runtime-2.3.6.jar:/home/yassine/.m2/repository/org/glassfish/jaxb/txw2/2.3.6/txw2-2.3.6.jar:/home/yassine/.m2/repository/com/sun/istack/istack-commons-runtime/3.0.12/istack-commons-runtime-3.0.12.jar:/home/yassine/.m2/repository/com/sun/activation/jakarta.activation/1.2.2/jakarta.activation-1.2.2.jar:/home/yassine/.m2/repository/org/springframework/data/spring-data-jpa/2.7.2/spring-data-jpa-2.7.2.jar:/home/yassine/.m2/repository/org/springframework/data/spring-data-commons/2.7.2/spring-data-commons-2.7.2.jar:/home/yassine/.m2/repository/org/springframework/spring-orm/5.3.22/spring-orm-5.3.22.jar:/home/yassine/.m2/repository/org/springframework/spring-context/5.3.22/spring-context-5.3.22.jar:/home/yassine/.m2/repository/org/springframework/spring-tx/5.3.22/spring-tx-5.3.22.jar:/home/yassine/.m2/repository/org/springframework/spring-beans/5.3.22/spring-beans-5.3.22.jar:/home/yassine/.m2/repository/org/slf4j/slf4j-api/1.7.36/slf4j-api-1.7.36.jar:/home/yassine/.m2/repository/org/springframework/spring-aspects/5.3.22/spring-aspects-5.3.22.jar:/home/yassine/.m2/repository/org/springframework/boot/spring-boot-starter-data-rest/2.7.3/spring-boot-starter-data-rest-2.7.3.jar:/home/yassine/.m2/repository/org/springframework/data/spring-data-rest-webmvc/3.7.2/spring-data-rest-webmvc-3.7.2.jar:/home/yassine/.m2/repository/org/springframework/data/spring-data-rest-core/3.7.2/spring-data-rest-core-3.7.2.jar:/home/yassine/.m2/repository/org/springframework/hateoas/spring-hateoas/1.5.1/spring-hateoas-1.5.1.jar:/home/yassine/.m2/repository/org/springframework/plugin/spring-plugin-core/2.0.0.RELEASE/spring-plugin-core-2.0.0.RELEASE.jar:/home/yassine/.m2/repository/org/atteo/evo-inflector/1.3/evo-inflector-1.3.jar:/home/yassine/.m2/repository/com/fasterxml/jackson/core/jackson-databind/2.13.3/jackson-databind-2.13.3.jar:/home/yassine/.m2/repository/com/fasterxml/jackson/core/jackson-core/2.13.3/jackson-core-2.13.3.jar:/home/yassine/.m2/repository/com/fasterxml/jackson/core/jackson-annotations/2.13.3/jackson-annotations-2.13.3.jar:/home/yassine/.m2/repository/org/springframework/boot/spring-boot-starter-web/2.7.3/spring-boot-starter-web-2.7.3.jar:/home/yassine/.m2/repository/org/springframework/boot/spring-boot-starter/2.7.3/spring-boot-starter-2.7.3.jar:/home/yassine/.m2/repository/org/springframework/boot/spring-boot-starter-logging/2.7.3/spring-boot-starter-logging-2.7.3.jar:/home/yassine/.m2/repository/ch/qos/logback/logback-classic/1.2.11/logback-classic-1.2.11.jar:/home/yassine/.m2/repository/ch/qos/logback/logback-core/1.2.11/logback-core-1.2.11.jar:/home/yassine/.m2/repository/org/apache/logging/log4j/log4j-to-slf4j/2.17.2/log4j-to-slf4j-2.17.2.jar:/home/yassine/.m2/repository/org/apache/logging/log4j/log4j-api/2.17.2/log4j-api-2.17.2.jar:/home/yassine/.m2/repository/org/slf4j/jul-to-slf4j/1.7.36/jul-to-slf4j-1.7.36.jar:/home/yassine/.m2/repository/jakarta/annotation/jakarta.annotation-api/1.3.5/jakarta.annotation-api-1.3.5.jar:/home/yassine/.m2/repository/org/yaml/snakeyaml/1.30/snakeyaml-1.30.jar:/home/yassine/.m2/repository/org/springframework/boot/spring-boot-starter-json/2.7.3/spring-boot-starter-json-2.7.3.jar:/home/yassine/.m2/repository/com/fasterxml/jackson/datatype/jackson-datatype-jdk8/2.13.3/jackson-datatype-jdk8-2.13.3.jar:/home/yassine/.m2/repository/com/fasterxml/jackson/datatype/jackson-datatype-jsr310/2.13.3/jackson-datatype-jsr310-2.13.3.jar:/home/yassine/.m2/repository/com/fasterxml/jackson/module/jackson-module-parameter-names/2.13.3/jackson-module-parameter-names-2.13.3.jar:/home/yassine/.m2/repository/org/springframework/boot/spring-boot-starter-tomcat/2.7.3/spring-boot-starter-tomcat-2.7.3.jar:/home/yassine/.m2/repository/org/apache/tomcat/embed/tomcat-embed-core/9.0.65/tomcat-embed-core-9.0.65.jar:/home/yassine/.m2/repository/org/apache/tomcat/embed/tomcat-embed-el/9.0.65/tomcat-embed-el-9.0.65.jar:/home/yassine/.m2/repository/org/apache/tomcat/embed/tomcat-embed-websocket/9.0.65/tomcat-embed-websocket-9.0.65.jar:/home/yassine/.m2/repository/org/springframework/spring-web/5.3.22/spring-web-5.3.22.jar:/home/yassine/.m2/repository/org/springframework/spring-webmvc/5.3.22/spring-webmvc-5.3.22.jar:/home/yassine/.m2/repository/org/springframework/spring-expression/5.3.22/spring-expression-5.3.22.jar:/home/yassine/.m2/repository/org/springframework/session/spring-session-core/2.7.0/spring-session-core-2.7.0.jar:/home/yassine/.m2/repository/org/springframework/spring-jcl/5.3.22/spring-jcl-5.3.22.jar:/home/yassine/.m2/repository/org/springframework/boot/spring-boot-devtools/2.7.3/spring-boot-devtools-2.7.3.jar:/home/yassine/.m2/repository/org/springframework/boot/spring-boot/2.7.3/spring-boot-2.7.3.jar:/home/yassine/.m2/repository/org/springframework/boot/spring-boot-autoconfigure/2.7.3/spring-boot-autoconfigure-2.7.3.jar:/home/yassine/.m2/repository/mysql/mysql-connector-java/8.0.30/mysql-connector-java-8.0.30.jar:/home/yassine/.m2/repository/org/projectlombok/lombok/1.18.24/lombok-1.18.24.jar:/home/yassine/.m2/repository/com/jayway/jsonpath/json-path/2.7.0/json-path-2.7.0.jar:/home/yassine/.m2/repository/net/minidev/json-smart/2.4.8/json-smart-2.4.8.jar:/home/yassine/.m2/repository/net/minidev/accessors-smart/2.4.8/accessors-smart-2.4.8.jar:/home/yassine/.m2/repository/org/ow2/asm/asm/9.1/asm-9.1.jar:/home/yassine/.m2/repository/jakarta/xml/bind/jakarta.xml.bind-api/2.3.3/jakarta.xml.bind-api-2.3.3.jar:/home/yassine/.m2/repository/jakarta/activation/jakarta.activation-api/1.2.2/jakarta.activation-api-1.2.2.jar:/home/yassine/.m2/repository/org/springframework/spring-core/5.3.22/spring-core-5.3.22.jar:/home/yassine/.m2/repository/org/springframework/security/spring-security-crypto/5.7.2/spring-security-crypto-5.7.2.jar
Launcher Type: SUN_STANDARD

[Global flags]
     intx CICompilerCount                          = 4                                         {product} {ergonomic}
     uint ConcGCThreads                            = 2                                         {product} {ergonomic}
     uint G1ConcRefinementThreads                  = 8                                         {product} {ergonomic}
   size_t G1HeapRegionSize                         = 2097152                                   {product} {ergonomic}
    uintx GCDrainStackTargetSize                   = 64                                        {product} {ergonomic}
   size_t InitialHeapSize                          = 257949696                                 {product} {ergonomic}
     bool ManagementServer                         = true                                      {product} {command line}
   size_t MarkStackSize                            = 4194304                                   {product} {ergonomic}
   size_t MaxHeapSize                              = 4097835008                                {product} {ergonomic}
   size_t MaxNewSize                               = 2457862144                                {product} {ergonomic}
   size_t MinHeapDeltaBytes                        = 2097152                                   {product} {ergonomic}
   size_t MinHeapSize                              = 8388608                                   {product} {ergonomic}
    uintx NonProfiledCodeHeapSize                  = 0                                      {pd product} {ergonomic}
     bool ProfileInterpreter                       = false                                  {pd product} {command line}
    uintx ProfiledCodeHeapSize                     = 0                                      {pd product} {ergonomic}
   size_t SoftMaxHeapSize                          = 4097835008                             {manageable} {ergonomic}
     intx TieredStopAtLevel                        = 1                                         {product} {command line}
     bool UseCompressedClassPointers               = true                           {product lp64_product} {ergonomic}
     bool UseCompressedOops                        = true                           {product lp64_product} {ergonomic}
     bool UseG1GC                                  = true                                      {product} {ergonomic}

Logging:
Log output configuration:
 #0: stdout all=warning uptime,level,tags foldmultilines=false
 #1: stderr all=off uptime,level,tags foldmultilines=false

Environment Variables:
PATH=/app/bin:/usr/bin:
USERNAME=yassine
LD_LIBRARY_PATH=
SHELL=/bin/sh
DISPLAY=:99.0
LANG=en_GB.UTF-8

Signal Handlers:
   SIGSEGV: crash_handler in libjvm.so, mask=11100100010111111101111111111110, flags=SA_RESTART|SA_SIGINFO
    SIGBUS: crash_handler in libjvm.so, mask=11100100010111111101111111111110, flags=SA_RESTART|SA_SIGINFO
    SIGFPE: crash_handler in libjvm.so, mask=11100100010111111101111111111110, flags=SA_RESTART|SA_SIGINFO
   SIGPIPE: javaSignalHandler in libjvm.so, mask=11100100010111111101111111111110, flags=SA_RESTART|SA_SIGINFO
   SIGXFSZ: javaSignalHandler in libjvm.so, mask=11100100010111111101111111111110, flags=SA_RESTART|SA_SIGINFO
    SIGILL: crash_handler in libjvm.so, mask=11100100010111111101111111111110, flags=SA_RESTART|SA_SIGINFO
   SIGUSR2: SR_handler in libjvm.so, mask=00100000000000000000000000000000, flags=SA_RESTART|SA_SIGINFO
    SIGHUP: UserHandler in libjvm.so, mask=11100100010111111101111111111110, flags=SA_RESTART|SA_SIGINFO
    SIGINT: UserHandler in libjvm.so, mask=11100100010111111101111111111110, flags=SA_RESTART|SA_SIGINFO
   SIGTERM: UserHandler in libjvm.so, mask=11100100010111111101111111111110, flags=SA_RESTART|SA_SIGINFO
   SIGQUIT: UserHandler in libjvm.so, mask=11100100010111111101111111111110, flags=SA_RESTART|SA_SIGINFO
   SIGTRAP: crash_handler in libjvm.so, mask=11100100010111111101111111111110, flags=SA_RESTART|SA_SIGINFO


---------------  S Y S T E M  ---------------

OS:
NAME=Freedesktop.org
VERSION="21.08.15 (Flatpak runtime)"
VERSION_ID=21.08.15
ID=org.freedesktop.platform
PRETTY_NAME="Freedesktop.org 21.08.15 (Flatpak runtime)"
BUG_REPORT_URL=https://gitlab.com/freedesktop-sdk/freedesktop-sdk/issues
uname: Linux 5.15.0-46-generic #49~20.04.1-Ubuntu SMP Thu Aug 4 19:15:44 UTC 2022 x86_64
OS uptime: 0 days 5:06 hours
libc: glibc 2.33 NPTL 2.33 
rlimit (soft/hard): STACK 8192k/infinity , CORE 0k/infinity , NPROC 62041/62041 , NOFILE 1048576/1048576 , AS infinity/infinity , CPU infinity/infinity , DATA infinity/infinity , FSIZE infinity/infinity , MEMLOCK 65536k/65536k
load average: 2.52 1.38 1.28

/proc/meminfo:
MemTotal:       16006836 kB
MemFree:          203536 kB
MemAvailable:    3298016 kB
Buffers:          135908 kB
Cached:          4305576 kB
SwapCached:         8468 kB
Active:          1783104 kB
Inactive:       13316984 kB
Active(anon):     343712 kB
Inactive(anon): 11484812 kB
Active(file):    1439392 kB
Inactive(file):  1832172 kB
Unevictable:      194348 kB
Mlocked:              48 kB
SwapTotal:       2097148 kB
SwapFree:        1856764 kB
Dirty:             11432 kB
Writeback:             0 kB
AnonPages:      10848180 kB
Mapped:          1572840 kB
Shmem:           1170164 kB
KReclaimable:     159928 kB
Slab:             304524 kB
SReclaimable:     159928 kB
SUnreclaim:       144596 kB
KernelStack:       23932 kB
PageTables:        92124 kB
NFS_Unstable:          0 kB
Bounce:                0 kB
WritebackTmp:          0 kB
CommitLimit:    10100564 kB
Committed_AS:   21239232 kB
VmallocTotal:   34359738367 kB
VmallocUsed:       50076 kB
VmallocChunk:          0 kB
Percpu:             5760 kB
HardwareCorrupted:     0 kB
AnonHugePages:         0 kB
ShmemHugePages:        0 kB
ShmemPmdMapped:        0 kB
FileHugePages:         0 kB
FilePmdMapped:         0 kB
HugePages_Total:       0
HugePages_Free:        0
HugePages_Rsvd:        0
HugePages_Surp:        0
Hugepagesize:       2048 kB
Hugetlb:               0 kB
DirectMap4k:      427084 kB
DirectMap2M:     9678848 kB
DirectMap1G:     6291456 kB

/sys/kernel/mm/transparent_hugepage/enabled: <Not Available>
/sys/kernel/mm/transparent_hugepage/defrag (defrag/compaction efforts parameter): <Not Available>

Process Memory:
Virtual Size: 9259928K (peak: 9322912K)
Resident Set Size: 240664K (peak: 240664K) (anon: 215412K, file: 25220K, shmem: 32K)
Swapped out: 0K
C-Heap outstanding allocations: 54113K, retained: 9402K

/proc/sys/kernel/threads-max (system-wide limit on the number of threads): 124083
/proc/sys/vm/max_map_count (maximum number of memory map areas a process may have): 65530
/proc/sys/kernel/pid_max (system-wide limit on number of process identifiers): 4194304

container information not found.
Steal ticks since vm start: 0
Steal ticks percentage since vm start:  0.000

CPU: total 8 (initial active 8) (4 cores per cpu, 2 threads per core) family 6 model 142 stepping 12 microcode 0xf0, cx8, cmov, fxsr, ht, mmx, 3dnowpref, sse, sse2, sse3, ssse3, sse4.1, sse4.2, popcnt, lzcnt, tsc, tscinvbit, avx, avx2, aes, erms, clmul, bmi1, bmi2, adx, fma, vzeroupper, clflush, clflushopt
CPU Model and flags from /proc/cpuinfo:
model name	: Intel(R) Core(TM) i5-8265U CPU @ 1.60GHz
flags		: fpu vme de pse tsc msr pae mce cx8 apic sep mtrr pge mca cmov pat pse36 clflush dts acpi mmx fxsr sse sse2 ss ht tm pbe syscall nx pdpe1gb rdtscp lm constant_tsc art arch_perfmon pebs bts rep_good nopl xtopology nonstop_tsc cpuid aperfmperf pni pclmulqdq dtes64 monitor ds_cpl vmx est tm2 ssse3 sdbg fma cx16 xtpr pdcm pcid sse4_1 sse4_2 x2apic movbe popcnt tsc_deadline_timer aes xsave avx f16c rdrand lahf_lm abm 3dnowprefetch cpuid_fault epb invpcid_single ssbd ibrs ibpb stibp ibrs_enhanced tpr_shadow vnmi flexpriority ept vpid ept_ad fsgsbase tsc_adjust sgx bmi1 avx2 smep bmi2 erms invpcid mpx rdseed adx smap clflushopt intel_pt xsaveopt xsavec xgetbv1 xsaves dtherm ida arat pln pts hwp hwp_notify hwp_act_window hwp_epp md_clear flush_l1d arch_capabilities

Online cpus: 0-7
Offline cpus: 
BIOS frequency limitation: <Not Available>
Frequency switch latency (ns): 0
Available cpu frequencies: <Not Available>
Current governor: powersave
Core performance/turbo boost: <Not Available>

Memory: 4k page, physical 16006836k(202528k free), swap 2097148k(1856764k free)
Page Sizes: 4k

vm_info: OpenJDK 64-Bit Server VM (18.0.2+9-61) for linux-amd64 JRE (18.0.2+9-61), built on Jun  7 2022 11:58:52 by "mach5one" with gcc 10.3.0

END.
